command=git ls-files | sort
captured_at_utc=2026-07-17T13:04:44Z

.github/CODE_OF_CONDUCT.md
.github/CONTRIBUTING.md
.github/ISSUE_TEMPLATE/bug_report.md
.github/ISSUE_TEMPLATE/feature_request.md
.github/SECURITY.md
.github/dependabot.yml
.github/pull_request_template.md
.github/workflows/ci.yml
.gitignore
.pre-commit-config.yaml
CITATION.cff
LICENSE
LICENSES/Apache-2.0.txt
LICENSES/THIRD_PARTY_NOTICES.md
Makefile
README.md
artifacts/sii2027/environment/git_state.txt
artifacts/sii2027/environment/python_packages.txt
artifacts/sii2027/environment/simulator_state.txt
artifacts/sii2027/environment/system.txt
artifacts/sii2027/figures/evaluation_pipeline.pdf
artifacts/sii2027/figures/main_results.pdf
artifacts/sii2027/figures/system_architecture.pdf
artifacts/sii2027/logs/baseline/build-dist/wod2sim-0.1.0-py3-none-any.whl
artifacts/sii2027/logs/baseline/build-dist/wod2sim-0.1.0.tar.gz
artifacts/sii2027/logs/baseline/demo-output/aggregate/synthetic-contract-metrics.csv
artifacts/sii2027/logs/baseline/demo-output/aggregate/synthetic-contract-metrics.json
artifacts/sii2027/logs/baseline/demo-output/audit/frames.jsonl
artifacts/sii2027/logs/baseline/demo-output/audit/launch_metadata.json
artifacts/sii2027/logs/baseline/demo-output/audit/manifest.json
artifacts/sii2027/logs/baseline/demo-output/audit/metrics_evidence.json
artifacts/sii2027/logs/baseline/demo-output/controller/synthetic-controller.csv
artifacts/sii2027/logs/baseline/demo-output/demo-summary.json
artifacts/sii2027/logs/baseline/demo-output/driver-command.sh
artifacts/sii2027/logs/baseline/demo-output/driver.stderr.log
artifacts/sii2027/logs/baseline/demo-output/driver.stdout.log
artifacts/sii2027/logs/baseline/demo-output/driver/baseline-log.jsonl
artifacts/sii2027/logs/baseline/demo-output/external-driver-config.yaml
artifacts/sii2027/logs/baseline/demo-output/launch-metadata.json
artifacts/sii2027/logs/baseline/demo-output/run-audit.json
artifacts/sii2027/logs/baseline/demo-output/run-status.json
artifacts/sii2027/logs/baseline/demo-output/support-bundle-report.json
artifacts/sii2027/logs/baseline/demo-output/support-bundle.tar.gz
artifacts/sii2027/logs/baseline/demo-output/synthetic-rollout.svg
artifacts/sii2027/logs/baseline/demo-output/wizard-command.sh
artifacts/sii2027/logs/baseline/find_maxdepth3.log
artifacts/sii2027/logs/baseline/make_conformance.log
artifacts/sii2027/logs/baseline/make_demo.log
artifacts/sii2027/logs/baseline/precommit_all.log
artifacts/sii2027/logs/baseline/pytest_q.log
artifacts/sii2027/logs/baseline/pytest_q_rs.log
artifacts/sii2027/logs/baseline/python_build.log
artifacts/sii2027/logs/baseline/ruff_check.log
artifacts/sii2027/logs/baseline/search_1.log
artifacts/sii2027/logs/baseline/search_2.log
artifacts/sii2027/logs/baseline/search_3.log
artifacts/sii2027/logs/baseline/search_4.log
artifacts/sii2027/logs/baseline/search_5.log
artifacts/sii2027/logs/baseline/search_6.log
artifacts/sii2027/logs/baseline/search_7.log
artifacts/sii2027/logs/baseline/search_8.log
artifacts/sii2027/logs/experiments/core_matrix_exit.log
artifacts/sii2027/logs/experiments/fault_injection_matrix_exit.log
artifacts/sii2027/logs/experiments/lifecycle_stress_matrix_exit.log
artifacts/sii2027/logs/experiments/semantic_ablation_matrix_exit.log
artifacts/sii2027/logs/experiments/temporal_ablation_matrix_exit.log
artifacts/sii2027/logs/paper_build/bibtex.log
artifacts/sii2027/logs/paper_build/build.log
artifacts/sii2027/logs/paper_build/pdflatex-1.log
artifacts/sii2027/logs/paper_build/pdflatex-2.log
artifacts/sii2027/logs/paper_build/pdflatex-3.log
artifacts/sii2027/logs/paper_build/tlmgr-ieee.log
artifacts/sii2027/logs/tests/all_test_names.log
artifacts/sii2027/logs/tests/pytest_all.log
artifacts/sii2027/logs/tests/pytest_deployment_readiness_launch.log
artifacts/sii2027/logs/tests/pytest_evidence_audit_benchmark.log
artifacts/sii2027/logs/tests/pytest_fault.log
artifacts/sii2027/logs/tests/pytest_lifecycle_session.log
artifacts/sii2027/logs/tests/pytest_plugin_entrypoint.log
artifacts/sii2027/logs/tests/pytest_semantic_route.log
artifacts/sii2027/logs/tests/pytest_temporal_resampl.log
artifacts/sii2027/logs/tests/sii2027-aggregate.log
artifacts/sii2027/logs/tests/sii2027-check.log
artifacts/sii2027/logs/tests/sii2027-demo.log
artifacts/sii2027/logs/tests/sii2027-eval.log
artifacts/sii2027/logs/tests/sii2027-inventory.log
artifacts/sii2027/logs/tests/sii2027-paper.log
artifacts/sii2027/logs/tests/sii2027-validate.log
artifacts/sii2027/manifests/experiment_matrix.yaml
artifacts/sii2027/manifests/run_manifests/core_constant_velocity_clipgt-01d503d4-449b-46fc-8d78-9085e70d3554_17_full_contract.json
artifacts/sii2027/manifests/run_manifests/core_constant_velocity_clipgt-01d503d4-449b-46fc-8d78-9085e70d3554_29_full_contract.json
artifacts/sii2027/manifests/run_manifests/core_constant_velocity_clipgt-01d503d4-449b-46fc-8d78-9085e70d3554_43_full_contract.json
artifacts/sii2027/manifests/run_manifests/core_constant_velocity_clipgt-02e075b9-fd24-426b-971b-7cfcb2074cc9_17_full_contract.json
artifacts/sii2027/manifests/run_manifests/core_constant_velocity_clipgt-02e075b9-fd24-426b-971b-7cfcb2074cc9_29_full_contract.json
artifacts/sii2027/manifests/run_manifests/core_constant_velocity_clipgt-02e075b9-fd24-426b-971b-7cfcb2074cc9_43_full_contract.json
artifacts/sii2027/manifests/run_manifests/core_constant_velocity_clipgt-048b974e-1546-488a-b8f9-d32bff77f5aa_17_full_contract.json
artifacts/sii2027/manifests/run_manifests/core_constant_velocity_clipgt-048b974e-1546-488a-b8f9-d32bff77f5aa_29_full_contract.json
artifacts/sii2027/manifests/run_manifests/core_constant_velocity_clipgt-048b974e-1546-488a-b8f9-d32bff77f5aa_43_full_contract.json
artifacts/sii2027/manifests/run_manifests/core_constant_velocity_clipgt-0499fb41-122d-4180-83af-f954a9974d3b_17_full_contract.json
artifacts/sii2027/manifests/run_manifests/core_constant_velocity_clipgt-0499fb41-122d-4180-83af-f954a9974d3b_29_full_contract.json
artifacts/sii2027/manifests/run_manifests/core_constant_velocity_clipgt-0499fb41-122d-4180-83af-f954a9974d3b_43_full_contract.json
artifacts/sii2027/manifests/run_manifests/core_constant_velocity_clipgt-05f35348-9de0-4f68-ac65-f31316dbb59e_17_full_contract.json
artifacts/sii2027/manifests/run_manifests/core_constant_velocity_clipgt-05f35348-9de0-4f68-ac65-f31316dbb59e_29_full_contract.json
artifacts/sii2027/manifests/run_manifests/core_constant_velocity_clipgt-05f35348-9de0-4f68-ac65-f31316dbb59e_43_full_contract.json
artifacts/sii2027/manifests/run_manifests/core_constant_velocity_clipgt-07981e6a-22dd-4796-ad2f-1252037ecd28_17_full_contract.json
artifacts/sii2027/manifests/run_manifests/core_constant_velocity_clipgt-07981e6a-22dd-4796-ad2f-1252037ecd28_29_full_contract.json
artifacts/sii2027/manifests/run_manifests/core_constant_velocity_clipgt-07981e6a-22dd-4796-ad2f-1252037ecd28_43_full_contract.json
artifacts/sii2027/manifests/run_manifests/core_direct_actor_planner_clipgt-01d503d4-449b-46fc-8d78-9085e70d3554_17_full_contract.json
artifacts/sii2027/manifests/run_manifests/core_direct_actor_planner_clipgt-01d503d4-449b-46fc-8d78-9085e70d3554_29_full_contract.json
artifacts/sii2027/manifests/run_manifests/core_direct_actor_planner_clipgt-01d503d4-449b-46fc-8d78-9085e70d3554_43_full_contract.json
artifacts/sii2027/manifests/run_manifests/core_direct_actor_planner_clipgt-02e075b9-fd24-426b-971b-7cfcb2074cc9_17_full_contract.json
artifacts/sii2027/manifests/run_manifests/core_direct_actor_planner_clipgt-02e075b9-fd24-426b-971b-7cfcb2074cc9_29_full_contract.json
artifacts/sii2027/manifests/run_manifests/core_direct_actor_planner_clipgt-02e075b9-fd24-426b-971b-7cfcb2074cc9_43_full_contract.json
artifacts/sii2027/manifests/run_manifests/core_direct_actor_planner_clipgt-048b974e-1546-488a-b8f9-d32bff77f5aa_17_full_contract.json
artifacts/sii2027/manifests/run_manifests/core_direct_actor_planner_clipgt-048b974e-1546-488a-b8f9-d32bff77f5aa_29_full_contract.json
artifacts/sii2027/manifests/run_manifests/core_direct_actor_planner_clipgt-048b974e-1546-488a-b8f9-d32bff77f5aa_43_full_contract.json
artifacts/sii2027/manifests/run_manifests/core_direct_actor_planner_clipgt-0499fb41-122d-4180-83af-f954a9974d3b_17_full_contract.json
artifacts/sii2027/manifests/run_manifests/core_direct_actor_planner_clipgt-0499fb41-122d-4180-83af-f954a9974d3b_29_full_contract.json
artifacts/sii2027/manifests/run_manifests/core_direct_actor_planner_clipgt-0499fb41-122d-4180-83af-f954a9974d3b_43_full_contract.json
artifacts/sii2027/manifests/run_manifests/core_direct_actor_planner_clipgt-05f35348-9de0-4f68-ac65-f31316dbb59e_17_full_contract.json
artifacts/sii2027/manifests/run_manifests/core_direct_actor_planner_clipgt-05f35348-9de0-4f68-ac65-f31316dbb59e_29_full_contract.json
artifacts/sii2027/manifests/run_manifests/core_direct_actor_planner_clipgt-05f35348-9de0-4f68-ac65-f31316dbb59e_43_full_contract.json
artifacts/sii2027/manifests/run_manifests/core_direct_actor_planner_clipgt-07981e6a-22dd-4796-ad2f-1252037ecd28_17_full_contract.json
artifacts/sii2027/manifests/run_manifests/core_direct_actor_planner_clipgt-07981e6a-22dd-4796-ad2f-1252037ecd28_29_full_contract.json
artifacts/sii2027/manifests/run_manifests/core_direct_actor_planner_clipgt-07981e6a-22dd-4796-ad2f-1252037ecd28_43_full_contract.json
artifacts/sii2027/manifests/run_manifests/core_route_following_clipgt-01d503d4-449b-46fc-8d78-9085e70d3554_17_full_contract.json
artifacts/sii2027/manifests/run_manifests/core_route_following_clipgt-01d503d4-449b-46fc-8d78-9085e70d3554_29_full_contract.json
artifacts/sii2027/manifests/run_manifests/core_route_following_clipgt-01d503d4-449b-46fc-8d78-9085e70d3554_43_full_contract.json
artifacts/sii2027/manifests/run_manifests/core_route_following_clipgt-02e075b9-fd24-426b-971b-7cfcb2074cc9_17_full_contract.json
artifacts/sii2027/manifests/run_manifests/core_route_following_clipgt-02e075b9-fd24-426b-971b-7cfcb2074cc9_29_full_contract.json
artifacts/sii2027/manifests/run_manifests/core_route_following_clipgt-02e075b9-fd24-426b-971b-7cfcb2074cc9_43_full_contract.json
artifacts/sii2027/manifests/run_manifests/core_route_following_clipgt-048b974e-1546-488a-b8f9-d32bff77f5aa_17_full_contract.json
artifacts/sii2027/manifests/run_manifests/core_route_following_clipgt-048b974e-1546-488a-b8f9-d32bff77f5aa_29_full_contract.json
artifacts/sii2027/manifests/run_manifests/core_route_following_clipgt-048b974e-1546-488a-b8f9-d32bff77f5aa_43_full_contract.json
artifacts/sii2027/manifests/run_manifests/core_route_following_clipgt-0499fb41-122d-4180-83af-f954a9974d3b_17_full_contract.json
artifacts/sii2027/manifests/run_manifests/core_route_following_clipgt-0499fb41-122d-4180-83af-f954a9974d3b_29_full_contract.json
artifacts/sii2027/manifests/run_manifests/core_route_following_clipgt-0499fb41-122d-4180-83af-f954a9974d3b_43_full_contract.json
artifacts/sii2027/manifests/run_manifests/core_route_following_clipgt-05f35348-9de0-4f68-ac65-f31316dbb59e_17_full_contract.json
artifacts/sii2027/manifests/run_manifests/core_route_following_clipgt-05f35348-9de0-4f68-ac65-f31316dbb59e_29_full_contract.json
artifacts/sii2027/manifests/run_manifests/core_route_following_clipgt-05f35348-9de0-4f68-ac65-f31316dbb59e_43_full_contract.json
artifacts/sii2027/manifests/run_manifests/core_route_following_clipgt-07981e6a-22dd-4796-ad2f-1252037ecd28_17_full_contract.json
artifacts/sii2027/manifests/run_manifests/core_route_following_clipgt-07981e6a-22dd-4796-ad2f-1252037ecd28_29_full_contract.json
artifacts/sii2027/manifests/run_manifests/core_route_following_clipgt-07981e6a-22dd-4796-ad2f-1252037ecd28_43_full_contract.json
artifacts/sii2027/manifests/run_manifests/fault_injection_constant_velocity_17_deployment_docker_unavailable.json
artifacts/sii2027/manifests/run_manifests/fault_injection_constant_velocity_17_deployment_gpu_runtime_unavailable.json
artifacts/sii2027/manifests/run_manifests/fault_injection_constant_velocity_17_deployment_scene_artifact_missing.json
artifacts/sii2027/manifests/run_manifests/fault_injection_constant_velocity_17_evidence_hash_mismatch.json
artifacts/sii2027/manifests/run_manifests/fault_injection_constant_velocity_17_evidence_manifest_missing.json
artifacts/sii2027/manifests/run_manifests/fault_injection_constant_velocity_17_lifecycle_duplicate_close.json
artifacts/sii2027/manifests/run_manifests/fault_injection_constant_velocity_17_lifecycle_late_image.json
artifacts/sii2027/manifests/run_manifests/fault_injection_constant_velocity_17_lifecycle_late_route.json
artifacts/sii2027/manifests/run_manifests/fault_injection_constant_velocity_17_plugin_optional_backend_missing.json
artifacts/sii2027/manifests/run_manifests/fault_injection_constant_velocity_17_semantic_command_only.json
artifacts/sii2027/manifests/run_manifests/fault_injection_constant_velocity_17_semantic_road_center_reference.json
artifacts/sii2027/manifests/run_manifests/fault_injection_constant_velocity_17_semantic_route_missing.json
artifacts/sii2027/manifests/run_manifests/fault_injection_constant_velocity_17_temporal_invalid_sample_count.json
artifacts/sii2027/manifests/run_manifests/fault_injection_constant_velocity_17_temporal_nan_trajectory.json
artifacts/sii2027/manifests/run_manifests/fault_injection_constant_velocity_17_temporal_stale_observation.json
artifacts/sii2027/manifests/run_manifests/lifecycle_stress_constant_velocity_17_full_lifecycle_hardening_cycle01.json
artifacts/sii2027/manifests/run_manifests/lifecycle_stress_constant_velocity_17_full_lifecycle_hardening_cycle02.json
artifacts/sii2027/manifests/run_manifests/lifecycle_stress_constant_velocity_17_full_lifecycle_hardening_cycle03.json
artifacts/sii2027/manifests/run_manifests/lifecycle_stress_constant_velocity_17_full_lifecycle_hardening_cycle04.json
artifacts/sii2027/manifests/run_manifests/lifecycle_stress_constant_velocity_17_full_lifecycle_hardening_cycle05.json
artifacts/sii2027/manifests/run_manifests/lifecycle_stress_constant_velocity_17_full_lifecycle_hardening_cycle06.json
artifacts/sii2027/manifests/run_manifests/lifecycle_stress_constant_velocity_17_full_lifecycle_hardening_cycle07.json
artifacts/sii2027/manifests/run_manifests/lifecycle_stress_constant_velocity_17_full_lifecycle_hardening_cycle08.json
artifacts/sii2027/manifests/run_manifests/lifecycle_stress_constant_velocity_17_full_lifecycle_hardening_cycle09.json
artifacts/sii2027/manifests/run_manifests/lifecycle_stress_constant_velocity_17_full_lifecycle_hardening_cycle10.json
artifacts/sii2027/manifests/run_manifests/lifecycle_stress_constant_velocity_17_full_lifecycle_hardening_cycle11.json
artifacts/sii2027/manifests/run_manifests/lifecycle_stress_constant_velocity_17_full_lifecycle_hardening_cycle12.json
artifacts/sii2027/manifests/run_manifests/lifecycle_stress_constant_velocity_17_full_lifecycle_hardening_cycle13.json
artifacts/sii2027/manifests/run_manifests/lifecycle_stress_constant_velocity_17_full_lifecycle_hardening_cycle14.json
artifacts/sii2027/manifests/run_manifests/lifecycle_stress_constant_velocity_17_full_lifecycle_hardening_cycle15.json
artifacts/sii2027/manifests/run_manifests/lifecycle_stress_constant_velocity_17_full_lifecycle_hardening_cycle16.json
artifacts/sii2027/manifests/run_manifests/lifecycle_stress_constant_velocity_17_full_lifecycle_hardening_cycle17.json
artifacts/sii2027/manifests/run_manifests/lifecycle_stress_constant_velocity_17_full_lifecycle_hardening_cycle18.json
artifacts/sii2027/manifests/run_manifests/lifecycle_stress_constant_velocity_17_full_lifecycle_hardening_cycle19.json
artifacts/sii2027/manifests/run_manifests/lifecycle_stress_constant_velocity_17_full_lifecycle_hardening_cycle20.json
artifacts/sii2027/manifests/run_manifests/lifecycle_stress_constant_velocity_17_strict_or_pre_hardening_behavior_cycle01.json
artifacts/sii2027/manifests/run_manifests/lifecycle_stress_constant_velocity_17_strict_or_pre_hardening_behavior_cycle02.json
artifacts/sii2027/manifests/run_manifests/lifecycle_stress_constant_velocity_17_strict_or_pre_hardening_behavior_cycle03.json
artifacts/sii2027/manifests/run_manifests/lifecycle_stress_constant_velocity_17_strict_or_pre_hardening_behavior_cycle04.json
artifacts/sii2027/manifests/run_manifests/lifecycle_stress_constant_velocity_17_strict_or_pre_hardening_behavior_cycle05.json
artifacts/sii2027/manifests/run_manifests/lifecycle_stress_constant_velocity_17_strict_or_pre_hardening_behavior_cycle06.json
artifacts/sii2027/manifests/run_manifests/lifecycle_stress_constant_velocity_17_strict_or_pre_hardening_behavior_cycle07.json
artifacts/sii2027/manifests/run_manifests/lifecycle_stress_constant_velocity_17_strict_or_pre_hardening_behavior_cycle08.json
artifacts/sii2027/manifests/run_manifests/lifecycle_stress_constant_velocity_17_strict_or_pre_hardening_behavior_cycle09.json
artifacts/sii2027/manifests/run_manifests/lifecycle_stress_constant_velocity_17_strict_or_pre_hardening_behavior_cycle10.json
artifacts/sii2027/manifests/run_manifests/lifecycle_stress_constant_velocity_17_strict_or_pre_hardening_behavior_cycle11.json
artifacts/sii2027/manifests/run_manifests/lifecycle_stress_constant_velocity_17_strict_or_pre_hardening_behavior_cycle12.json
artifacts/sii2027/manifests/run_manifests/lifecycle_stress_constant_velocity_17_strict_or_pre_hardening_behavior_cycle13.json
artifacts/sii2027/manifests/run_manifests/lifecycle_stress_constant_velocity_17_strict_or_pre_hardening_behavior_cycle14.json
artifacts/sii2027/manifests/run_manifests/lifecycle_stress_constant_velocity_17_strict_or_pre_hardening_behavior_cycle15.json
artifacts/sii2027/manifests/run_manifests/lifecycle_stress_constant_velocity_17_strict_or_pre_hardening_behavior_cycle16.json
artifacts/sii2027/manifests/run_manifests/lifecycle_stress_constant_velocity_17_strict_or_pre_hardening_behavior_cycle17.json
artifacts/sii2027/manifests/run_manifests/lifecycle_stress_constant_velocity_17_strict_or_pre_hardening_behavior_cycle18.json
artifacts/sii2027/manifests/run_manifests/lifecycle_stress_constant_velocity_17_strict_or_pre_hardening_behavior_cycle19.json
artifacts/sii2027/manifests/run_manifests/lifecycle_stress_constant_velocity_17_strict_or_pre_hardening_behavior_cycle20.json
artifacts/sii2027/manifests/run_manifests/semantic_ablation_route_following_clipgt-01d503d4-449b-46fc-8d78-9085e70d3554_17_command_only_route.json
artifacts/sii2027/manifests/run_manifests/semantic_ablation_route_following_clipgt-01d503d4-449b-46fc-8d78-9085e70d3554_17_full_contract.json
artifacts/sii2027/manifests/run_manifests/semantic_ablation_route_following_clipgt-01d503d4-449b-46fc-8d78-9085e70d3554_29_command_only_route.json
artifacts/sii2027/manifests/run_manifests/semantic_ablation_route_following_clipgt-01d503d4-449b-46fc-8d78-9085e70d3554_29_full_contract.json
artifacts/sii2027/manifests/run_manifests/semantic_ablation_route_following_clipgt-01d503d4-449b-46fc-8d78-9085e70d3554_43_command_only_route.json
artifacts/sii2027/manifests/run_manifests/semantic_ablation_route_following_clipgt-01d503d4-449b-46fc-8d78-9085e70d3554_43_full_contract.json
artifacts/sii2027/manifests/run_manifests/semantic_ablation_route_following_clipgt-02e075b9-fd24-426b-971b-7cfcb2074cc9_17_command_only_route.json
artifacts/sii2027/manifests/run_manifests/semantic_ablation_route_following_clipgt-02e075b9-fd24-426b-971b-7cfcb2074cc9_17_full_contract.json
artifacts/sii2027/manifests/run_manifests/semantic_ablation_route_following_clipgt-02e075b9-fd24-426b-971b-7cfcb2074cc9_29_command_only_route.json
artifacts/sii2027/manifests/run_manifests/semantic_ablation_route_following_clipgt-02e075b9-fd24-426b-971b-7cfcb2074cc9_29_full_contract.json
artifacts/sii2027/manifests/run_manifests/semantic_ablation_route_following_clipgt-02e075b9-fd24-426b-971b-7cfcb2074cc9_43_command_only_route.json
artifacts/sii2027/manifests/run_manifests/semantic_ablation_route_following_clipgt-02e075b9-fd24-426b-971b-7cfcb2074cc9_43_full_contract.json
artifacts/sii2027/manifests/run_manifests/semantic_ablation_route_following_clipgt-048b974e-1546-488a-b8f9-d32bff77f5aa_17_command_only_route.json
artifacts/sii2027/manifests/run_manifests/semantic_ablation_route_following_clipgt-048b974e-1546-488a-b8f9-d32bff77f5aa_17_full_contract.json
artifacts/sii2027/manifests/run_manifests/semantic_ablation_route_following_clipgt-048b974e-1546-488a-b8f9-d32bff77f5aa_29_command_only_route.json
artifacts/sii2027/manifests/run_manifests/semantic_ablation_route_following_clipgt-048b974e-1546-488a-b8f9-d32bff77f5aa_29_full_contract.json
artifacts/sii2027/manifests/run_manifests/semantic_ablation_route_following_clipgt-048b974e-1546-488a-b8f9-d32bff77f5aa_43_command_only_route.json
artifacts/sii2027/manifests/run_manifests/semantic_ablation_route_following_clipgt-048b974e-1546-488a-b8f9-d32bff77f5aa_43_full_contract.json
artifacts/sii2027/manifests/run_manifests/temporal_ablation_direct_actor_planner_clipgt-01d503d4-449b-46fc-8d78-9085e70d3554_17_full_temporal_contract.json
artifacts/sii2027/manifests/run_manifests/temporal_ablation_direct_actor_planner_clipgt-01d503d4-449b-46fc-8d78-9085e70d3554_17_naive_or_disabled_resampling.json
artifacts/sii2027/manifests/run_manifests/temporal_ablation_direct_actor_planner_clipgt-01d503d4-449b-46fc-8d78-9085e70d3554_29_full_temporal_contract.json
artifacts/sii2027/manifests/run_manifests/temporal_ablation_direct_actor_planner_clipgt-01d503d4-449b-46fc-8d78-9085e70d3554_29_naive_or_disabled_resampling.json
artifacts/sii2027/manifests/run_manifests/temporal_ablation_direct_actor_planner_clipgt-01d503d4-449b-46fc-8d78-9085e70d3554_43_full_temporal_contract.json
artifacts/sii2027/manifests/run_manifests/temporal_ablation_direct_actor_planner_clipgt-01d503d4-449b-46fc-8d78-9085e70d3554_43_naive_or_disabled_resampling.json
artifacts/sii2027/manifests/run_manifests/temporal_ablation_direct_actor_planner_clipgt-02e075b9-fd24-426b-971b-7cfcb2074cc9_17_full_temporal_contract.json
artifacts/sii2027/manifests/run_manifests/temporal_ablation_direct_actor_planner_clipgt-02e075b9-fd24-426b-971b-7cfcb2074cc9_17_naive_or_disabled_resampling.json
artifacts/sii2027/manifests/run_manifests/temporal_ablation_direct_actor_planner_clipgt-02e075b9-fd24-426b-971b-7cfcb2074cc9_29_full_temporal_contract.json
artifacts/sii2027/manifests/run_manifests/temporal_ablation_direct_actor_planner_clipgt-02e075b9-fd24-426b-971b-7cfcb2074cc9_29_naive_or_disabled_resampling.json
artifacts/sii2027/manifests/run_manifests/temporal_ablation_direct_actor_planner_clipgt-02e075b9-fd24-426b-971b-7cfcb2074cc9_43_full_temporal_contract.json
artifacts/sii2027/manifests/run_manifests/temporal_ablation_direct_actor_planner_clipgt-02e075b9-fd24-426b-971b-7cfcb2074cc9_43_naive_or_disabled_resampling.json
artifacts/sii2027/manifests/run_manifests/temporal_ablation_direct_actor_planner_clipgt-048b974e-1546-488a-b8f9-d32bff77f5aa_17_full_temporal_contract.json
artifacts/sii2027/manifests/run_manifests/temporal_ablation_direct_actor_planner_clipgt-048b974e-1546-488a-b8f9-d32bff77f5aa_17_naive_or_disabled_resampling.json
artifacts/sii2027/manifests/run_manifests/temporal_ablation_direct_actor_planner_clipgt-048b974e-1546-488a-b8f9-d32bff77f5aa_29_full_temporal_contract.json
artifacts/sii2027/manifests/run_manifests/temporal_ablation_direct_actor_planner_clipgt-048b974e-1546-488a-b8f9-d32bff77f5aa_29_naive_or_disabled_resampling.json
artifacts/sii2027/manifests/run_manifests/temporal_ablation_direct_actor_planner_clipgt-048b974e-1546-488a-b8f9-d32bff77f5aa_43_full_temporal_contract.json
artifacts/sii2027/manifests/run_manifests/temporal_ablation_direct_actor_planner_clipgt-048b974e-1546-488a-b8f9-d32bff77f5aa_43_naive_or_disabled_resampling.json
artifacts/sii2027/manifests/scene_manifest.yaml
artifacts/sii2027/reports/baseline_report.md
artifacts/sii2027/reports/blockers.md
artifacts/sii2027/reports/claim_evidence_matrix.md
artifacts/sii2027/reports/contract_test_audit.md
artifacts/sii2027/reports/experiment_report.md
artifacts/sii2027/reports/repository_inventory.md
artifacts/sii2027/reports/submission_checklist.md
artifacts/sii2027/reports/test_report.md
artifacts/sii2027/results/core/failures.csv
artifacts/sii2027/results/core/runs.csv
artifacts/sii2027/results/core/summary.csv
artifacts/sii2027/results/core/summary.json
artifacts/sii2027/results/failures.csv
artifacts/sii2027/results/fault_injection.csv
artifacts/sii2027/results/fault_injection/failures.csv
artifacts/sii2027/results/fault_injection/fault_injection.csv
artifacts/sii2027/results/fault_injection/runs.csv
artifacts/sii2027/results/fault_injection/summary.csv
artifacts/sii2027/results/fault_injection/summary.json
artifacts/sii2027/results/frames.csv
artifacts/sii2027/results/lifecycle_stress/failures.csv
artifacts/sii2027/results/lifecycle_stress/lifecycle_stress.csv
artifacts/sii2027/results/lifecycle_stress/runs.csv
artifacts/sii2027/results/lifecycle_stress/summary.csv
artifacts/sii2027/results/lifecycle_stress/summary.json
artifacts/sii2027/results/runs.csv
artifacts/sii2027/results/semantic_ablation/failures.csv
artifacts/sii2027/results/semantic_ablation/runs.csv
artifacts/sii2027/results/semantic_ablation/summary.csv
artifacts/sii2027/results/semantic_ablation/summary.json
artifacts/sii2027/results/summary.csv
artifacts/sii2027/results/summary.json
artifacts/sii2027/results/temporal_ablation/failures.csv
artifacts/sii2027/results/temporal_ablation/runs.csv
artifacts/sii2027/results/temporal_ablation/summary.csv
artifacts/sii2027/results/temporal_ablation/summary.json
artifacts/sii2027/tables/ablations.tex
artifacts/sii2027/tables/contract_map.tex
artifacts/sii2027/tables/fault_localization.tex
artifacts/sii2027/tables/main_results.tex
artifacts/sii2027/tables/paper_numbers.tex
configs/sii2027/core.yaml
configs/sii2027/fault_injection.yaml
configs/sii2027/lifecycle_stress.yaml
configs/sii2027/semantic_ablation.yaml
configs/sii2027/temporal_ablation.yaml
docs/README.md
docs/assets/readme/alpasim-rollout-diagnostic.svg
docs/assets/readme/evidence-metrics.png
docs/assets/readme/integration-terminal.svg
docs/changelog.md
docs/cli.md
docs/conformance.md
docs/demo.md
docs/design.md
docs/evaluation.md
docs/getting-started.md
docs/reproduction.md
paper/Makefile
paper/paper.bib
paper/paper.tex
paper/sii2027/CHANGELOG.md
paper/sii2027/IEEEtran.cls
paper/sii2027/REPRODUCE.md
paper/sii2027/figures/evaluation_pipeline.pdf
paper/sii2027/figures/main_results.pdf
paper/sii2027/figures/system_architecture.pdf
paper/sii2027/generated/ablations.tex
paper/sii2027/generated/contract_map.tex
paper/sii2027/generated/fault_localization.tex
paper/sii2027/generated/main_results.tex
paper/sii2027/generated/paper_numbers.tex
paper/sii2027/main.tex
paper/sii2027/references.bib
paper/wod_alpasim_2026.sty
paper/wodalpasimabbrvnat.bst
pyproject.toml
scripts/aggregate_sii2027.py
scripts/audit_run.py
scripts/batch_summary.py
scripts/benchmark_readiness.py
scripts/benchmark_summary.py
scripts/bootstrap_alpasim_checkout.sh
scripts/bootstrap_alpasim_env.sh
scripts/bootstrap_alpasim_runtime.sh
scripts/build_alpasim_base_image.sh
scripts/build_alpasim_local_usdz_cache.py
scripts/build_alpasim_oracle_actor_proxy.py
scripts/build_sii2027_paper.sh
scripts/check_alpasim_readiness.py
scripts/generate_sii2027_figures.py
scripts/import_alpasim_scene_cache.sh
scripts/promote_batch_summary.py
scripts/release_bootstrap_smoke.py
scripts/reproduce_closed_loop.py
scripts/run_alpasim_local_external.py
scripts/run_alpasim_scene_batch.py
scripts/run_sii2027_matrix.py
scripts/run_synthetic_contract_demo.py
scripts/setup_alpasim_local_plugin.py
scripts/sii2027_inventory.sh
scripts/support_bundle.py
scripts/validate_sii2027_submission.py
scripts/wod2sim_doctor.py
src/wod2sim/__init__.py
src/wod2sim/alpasim_overrides/Dockerfile.amd64
src/wod2sim/alpasim_overrides/__init__.py
src/wod2sim/alpasim_overrides/local_checkout.patch
src/wod2sim/alpasim_overrides/route_waypoints.patch
src/wod2sim/alpasim_overrides/src/driver/src/alpasim_driver/models/__init__.py
src/wod2sim/alpasim_overrides/src/wizard/alpasim_wizard/deployment/docker_compose.py
src/wod2sim/alpasim_overrides/src/wizard/configs/deploy/local_arm_external_driver.yaml
src/wod2sim/audit/__init__.py
src/wod2sim/audit/alpasim_export.py
src/wod2sim/audit/internal_export.py
src/wod2sim/audit/rerun_bridge.py
src/wod2sim/audit/review.py
src/wod2sim/audit/schema.py
src/wod2sim/cli/__init__.py
src/wod2sim/cli/commands/__init__.py
src/wod2sim/cli/commands/audit_run.py
src/wod2sim/cli/commands/batch_summary.py
src/wod2sim/cli/commands/benchmark_readiness.py
src/wod2sim/cli/commands/benchmark_summary.py
src/wod2sim/cli/commands/build_alpasim_local_usdz_cache.py
src/wod2sim/cli/commands/build_alpasim_oracle_actor_proxy.py
src/wod2sim/cli/commands/check_alpasim_readiness.py
src/wod2sim/cli/commands/promote_batch_summary.py
src/wod2sim/cli/commands/reproduce_closed_loop.py
src/wod2sim/cli/commands/run_alpasim_local_external.py
src/wod2sim/cli/commands/run_alpasim_scene_batch.py
src/wod2sim/cli/commands/setup_alpasim_local_plugin.py
src/wod2sim/cli/commands/support_bundle.py
src/wod2sim/cli/commands/wod2sim_doctor.py
src/wod2sim/cli/runtime_paths.py
src/wod2sim/cli/wrapper.py
src/wod2sim/neutral/__init__.py
src/wod2sim/neutral/alpasim_metrics.py
src/wod2sim/simulator/__init__.py
src/wod2sim/simulator/alpasim_configs/__init__.py
src/wod2sim/simulator/alpasim_configs/driver/constant_velocity.yaml
src/wod2sim/simulator/alpasim_configs/driver/direct_actor_planner.yaml
src/wod2sim/simulator/alpasim_configs/driver/route_following.yaml
src/wod2sim/simulator/alpasim_configs/driver/token_dagger_bc.yaml
src/wod2sim/simulator/alpasim_contract.py
src/wod2sim/simulator/alpasim_direct_actor_planner.py
src/wod2sim/simulator/alpasim_scene_presets/fresh_3scene.yaml
src/wod2sim/simulator/alpasim_scene_presets/front_camera_100scene_public2602.yaml
src/wod2sim/simulator/alpasim_scene_presets/front_camera_10scene_smoke.yaml
src/wod2sim/simulator/alpasim_scene_presets/front_camera_30scene_merged.yaml
src/wod2sim/simulator/alpasim_scene_presets/front_camera_50scene_public2602.yaml
src/wod2sim/simulator/alpasim_scene_presets/front_camera_collision18.yaml
src/wod2sim/simulator/alpasim_signal.py
src/wod2sim/simulator/alpasim_token_bc.py
src/wod2sim/simulator/baseline_drivers.py
src/wod2sim/simulator/environment.py
src/wod2sim/simulator/maneuver_candidates.py
src/wod2sim/simulator/perception.py
src/wod2sim/simulator/planner.py
src/wod2sim/simulator/trajectory_selector.py
src/wod2sim/simulator/world_model.py
tests/pyproject_helpers.py
tests/test_aggregate_sii2027.py
tests/test_alpasim_integration.py
tests/test_alpasim_setup_scripts.py
tests/test_audit_run_command.py
tests/test_batch_summary.py
tests/test_benchmark_readiness.py
tests/test_benchmark_summary.py
tests/test_bootstrap_alpasim_env_script.py
tests/test_build_alpasim_local_usdz_cache.py
tests/test_check_alpasim_readiness.py
tests/test_import_alpasim_scene_cache_script.py
tests/test_maneuver_candidates.py
tests/test_promote_batch_summary.py
tests/test_release_bootstrap_smoke.py
tests/test_reproduce_closed_loop.py
tests/test_run_alpasim_scene_batch.py
tests/test_run_sii2027_matrix.py
tests/test_support_bundle_command.py
tests/test_synthetic_contract_demo.py
tests/test_validate_sii2027_submission.py
tests/test_wod2sim_doctor.py
third_party/alpasim_overrides/Dockerfile.amd64
third_party/alpasim_overrides/README.md
third_party/alpasim_overrides/local_checkout.patch
third_party/alpasim_overrides/route_waypoints.patch
third_party/alpasim_overrides/src/driver/src/alpasim_driver/models/__init__.py
third_party/alpasim_overrides/src/wizard/alpasim_wizard/deployment/docker_compose.py
third_party/alpasim_overrides/src/wizard/configs/deploy/local_arm_external_driver.yaml
wod2sim.pdf
