command=./.venv/bin/python -m build --outdir artifacts/sii2027/logs/baseline/build-dist
start_utc=2026-07-17T11:16:01Z

* Creating isolated environment: virtualenv+pip...
* Installing packages in isolated environment:
  - setuptools>=68
* Getting build dependencies for sdist...
running egg_info
writing src/wod2sim.egg-info/PKG-INFO
writing dependency_links to src/wod2sim.egg-info/dependency_links.txt
writing entry points to src/wod2sim.egg-info/entry_points.txt
writing requirements to src/wod2sim.egg-info/requires.txt
writing top-level names to src/wod2sim.egg-info/top_level.txt
reading manifest file 'src/wod2sim.egg-info/SOURCES.txt'
adding license file 'LICENSE'
adding license file 'LICENSES/Apache-2.0.txt'
adding license file 'LICENSES/THIRD_PARTY_NOTICES.md'
writing manifest file 'src/wod2sim.egg-info/SOURCES.txt'
* Building sdist...
running sdist
running egg_info
writing src/wod2sim.egg-info/PKG-INFO
writing dependency_links to src/wod2sim.egg-info/dependency_links.txt
writing entry points to src/wod2sim.egg-info/entry_points.txt
writing requirements to src/wod2sim.egg-info/requires.txt
writing top-level names to src/wod2sim.egg-info/top_level.txt
reading manifest file 'src/wod2sim.egg-info/SOURCES.txt'
adding license file 'LICENSE'
adding license file 'LICENSES/Apache-2.0.txt'
adding license file 'LICENSES/THIRD_PARTY_NOTICES.md'
writing manifest file 'src/wod2sim.egg-info/SOURCES.txt'
running check
creating wod2sim-0.1.0
creating wod2sim-0.1.0/LICENSES
creating wod2sim-0.1.0/src/wod2sim
creating wod2sim-0.1.0/src/wod2sim.egg-info
creating wod2sim-0.1.0/src/wod2sim/alpasim_overrides
creating wod2sim-0.1.0/src/wod2sim/alpasim_overrides/src/driver/src/alpasim_driver/models
creating wod2sim-0.1.0/src/wod2sim/alpasim_overrides/src/wizard/alpasim_wizard/deployment
creating wod2sim-0.1.0/src/wod2sim/alpasim_overrides/src/wizard/configs/deploy
creating wod2sim-0.1.0/src/wod2sim/audit
creating wod2sim-0.1.0/src/wod2sim/cli
creating wod2sim-0.1.0/src/wod2sim/cli/commands
creating wod2sim-0.1.0/src/wod2sim/neutral
creating wod2sim-0.1.0/src/wod2sim/simulator
creating wod2sim-0.1.0/src/wod2sim/simulator/alpasim_configs
creating wod2sim-0.1.0/src/wod2sim/simulator/alpasim_configs/driver
creating wod2sim-0.1.0/src/wod2sim/simulator/alpasim_scene_presets
creating wod2sim-0.1.0/tests
copying files to wod2sim-0.1.0...
copying LICENSE -> wod2sim-0.1.0
copying README.md -> wod2sim-0.1.0
copying pyproject.toml -> wod2sim-0.1.0
copying LICENSES/Apache-2.0.txt -> wod2sim-0.1.0/LICENSES
copying LICENSES/THIRD_PARTY_NOTICES.md -> wod2sim-0.1.0/LICENSES
copying src/wod2sim/__init__.py -> wod2sim-0.1.0/src/wod2sim
copying src/wod2sim.egg-info/PKG-INFO -> wod2sim-0.1.0/src/wod2sim.egg-info
copying src/wod2sim.egg-info/SOURCES.txt -> wod2sim-0.1.0/src/wod2sim.egg-info
copying src/wod2sim.egg-info/dependency_links.txt -> wod2sim-0.1.0/src/wod2sim.egg-info
copying src/wod2sim.egg-info/entry_points.txt -> wod2sim-0.1.0/src/wod2sim.egg-info
copying src/wod2sim.egg-info/requires.txt -> wod2sim-0.1.0/src/wod2sim.egg-info
copying src/wod2sim.egg-info/top_level.txt -> wod2sim-0.1.0/src/wod2sim.egg-info
copying src/wod2sim/alpasim_overrides/Dockerfile.amd64 -> wod2sim-0.1.0/src/wod2sim/alpasim_overrides
copying src/wod2sim/alpasim_overrides/__init__.py -> wod2sim-0.1.0/src/wod2sim/alpasim_overrides
copying src/wod2sim/alpasim_overrides/local_checkout.patch -> wod2sim-0.1.0/src/wod2sim/alpasim_overrides
copying src/wod2sim/alpasim_overrides/route_waypoints.patch -> wod2sim-0.1.0/src/wod2sim/alpasim_overrides
copying src/wod2sim/alpasim_overrides/src/driver/src/alpasim_driver/models/__init__.py -> wod2sim-0.1.0/src/wod2sim/alpasim_overrides/src/driver/src/alpasim_driver/models
copying src/wod2sim/alpasim_overrides/src/wizard/alpasim_wizard/deployment/docker_compose.py -> wod2sim-0.1.0/src/wod2sim/alpasim_overrides/src/wizard/alpasim_wizard/deployment
copying src/wod2sim/alpasim_overrides/src/wizard/configs/deploy/local_arm_external_driver.yaml -> wod2sim-0.1.0/src/wod2sim/alpasim_overrides/src/wizard/configs/deploy
copying src/wod2sim/audit/__init__.py -> wod2sim-0.1.0/src/wod2sim/audit
copying src/wod2sim/audit/alpasim_export.py -> wod2sim-0.1.0/src/wod2sim/audit
copying src/wod2sim/audit/internal_export.py -> wod2sim-0.1.0/src/wod2sim/audit
copying src/wod2sim/audit/rerun_bridge.py -> wod2sim-0.1.0/src/wod2sim/audit
copying src/wod2sim/audit/review.py -> wod2sim-0.1.0/src/wod2sim/audit
copying src/wod2sim/audit/schema.py -> wod2sim-0.1.0/src/wod2sim/audit
copying src/wod2sim/cli/__init__.py -> wod2sim-0.1.0/src/wod2sim/cli
copying src/wod2sim/cli/runtime_paths.py -> wod2sim-0.1.0/src/wod2sim/cli
copying src/wod2sim/cli/wrapper.py -> wod2sim-0.1.0/src/wod2sim/cli
copying src/wod2sim/cli/commands/__init__.py -> wod2sim-0.1.0/src/wod2sim/cli/commands
copying src/wod2sim/cli/commands/audit_run.py -> wod2sim-0.1.0/src/wod2sim/cli/commands
copying src/wod2sim/cli/commands/batch_summary.py -> wod2sim-0.1.0/src/wod2sim/cli/commands
copying src/wod2sim/cli/commands/benchmark_readiness.py -> wod2sim-0.1.0/src/wod2sim/cli/commands
copying src/wod2sim/cli/commands/benchmark_summary.py -> wod2sim-0.1.0/src/wod2sim/cli/commands
copying src/wod2sim/cli/commands/build_alpasim_local_usdz_cache.py -> wod2sim-0.1.0/src/wod2sim/cli/commands
copying src/wod2sim/cli/commands/build_alpasim_oracle_actor_proxy.py -> wod2sim-0.1.0/src/wod2sim/cli/commands
copying src/wod2sim/cli/commands/check_alpasim_readiness.py -> wod2sim-0.1.0/src/wod2sim/cli/commands
copying src/wod2sim/cli/commands/promote_batch_summary.py -> wod2sim-0.1.0/src/wod2sim/cli/commands
copying src/wod2sim/cli/commands/reproduce_closed_loop.py -> wod2sim-0.1.0/src/wod2sim/cli/commands
copying src/wod2sim/cli/commands/run_alpasim_local_external.py -> wod2sim-0.1.0/src/wod2sim/cli/commands
copying src/wod2sim/cli/commands/run_alpasim_scene_batch.py -> wod2sim-0.1.0/src/wod2sim/cli/commands
copying src/wod2sim/cli/commands/setup_alpasim_local_plugin.py -> wod2sim-0.1.0/src/wod2sim/cli/commands
copying src/wod2sim/cli/commands/support_bundle.py -> wod2sim-0.1.0/src/wod2sim/cli/commands
copying src/wod2sim/cli/commands/wod2sim_doctor.py -> wod2sim-0.1.0/src/wod2sim/cli/commands
copying src/wod2sim/neutral/__init__.py -> wod2sim-0.1.0/src/wod2sim/neutral
copying src/wod2sim/neutral/alpasim_metrics.py -> wod2sim-0.1.0/src/wod2sim/neutral
copying src/wod2sim/simulator/__init__.py -> wod2sim-0.1.0/src/wod2sim/simulator
copying src/wod2sim/simulator/alpasim_contract.py -> wod2sim-0.1.0/src/wod2sim/simulator
copying src/wod2sim/simulator/alpasim_direct_actor_planner.py -> wod2sim-0.1.0/src/wod2sim/simulator
copying src/wod2sim/simulator/alpasim_signal.py -> wod2sim-0.1.0/src/wod2sim/simulator
copying src/wod2sim/simulator/alpasim_token_bc.py -> wod2sim-0.1.0/src/wod2sim/simulator
copying src/wod2sim/simulator/baseline_drivers.py -> wod2sim-0.1.0/src/wod2sim/simulator
copying src/wod2sim/simulator/environment.py -> wod2sim-0.1.0/src/wod2sim/simulator
copying src/wod2sim/simulator/maneuver_candidates.py -> wod2sim-0.1.0/src/wod2sim/simulator
copying src/wod2sim/simulator/perception.py -> wod2sim-0.1.0/src/wod2sim/simulator
copying src/wod2sim/simulator/planner.py -> wod2sim-0.1.0/src/wod2sim/simulator
copying src/wod2sim/simulator/trajectory_selector.py -> wod2sim-0.1.0/src/wod2sim/simulator
copying src/wod2sim/simulator/world_model.py -> wod2sim-0.1.0/src/wod2sim/simulator
copying src/wod2sim/simulator/alpasim_configs/__init__.py -> wod2sim-0.1.0/src/wod2sim/simulator/alpasim_configs
copying src/wod2sim/simulator/alpasim_configs/driver/constant_velocity.yaml -> wod2sim-0.1.0/src/wod2sim/simulator/alpasim_configs/driver
copying src/wod2sim/simulator/alpasim_configs/driver/direct_actor_planner.yaml -> wod2sim-0.1.0/src/wod2sim/simulator/alpasim_configs/driver
copying src/wod2sim/simulator/alpasim_configs/driver/route_following.yaml -> wod2sim-0.1.0/src/wod2sim/simulator/alpasim_configs/driver
copying src/wod2sim/simulator/alpasim_configs/driver/token_dagger_bc.yaml -> wod2sim-0.1.0/src/wod2sim/simulator/alpasim_configs/driver
copying src/wod2sim/simulator/alpasim_scene_presets/fresh_3scene.yaml -> wod2sim-0.1.0/src/wod2sim/simulator/alpasim_scene_presets
copying src/wod2sim/simulator/alpasim_scene_presets/front_camera_100scene_public2602.yaml -> wod2sim-0.1.0/src/wod2sim/simulator/alpasim_scene_presets
copying src/wod2sim/simulator/alpasim_scene_presets/front_camera_10scene_smoke.yaml -> wod2sim-0.1.0/src/wod2sim/simulator/alpasim_scene_presets
copying src/wod2sim/simulator/alpasim_scene_presets/front_camera_30scene_merged.yaml -> wod2sim-0.1.0/src/wod2sim/simulator/alpasim_scene_presets
copying src/wod2sim/simulator/alpasim_scene_presets/front_camera_50scene_public2602.yaml -> wod2sim-0.1.0/src/wod2sim/simulator/alpasim_scene_presets
copying src/wod2sim/simulator/alpasim_scene_presets/front_camera_collision18.yaml -> wod2sim-0.1.0/src/wod2sim/simulator/alpasim_scene_presets
copying tests/test_alpasim_integration.py -> wod2sim-0.1.0/tests
copying tests/test_alpasim_setup_scripts.py -> wod2sim-0.1.0/tests
copying tests/test_audit_run_command.py -> wod2sim-0.1.0/tests
copying tests/test_batch_summary.py -> wod2sim-0.1.0/tests
copying tests/test_benchmark_readiness.py -> wod2sim-0.1.0/tests
copying tests/test_benchmark_summary.py -> wod2sim-0.1.0/tests
copying tests/test_bootstrap_alpasim_env_script.py -> wod2sim-0.1.0/tests
copying tests/test_build_alpasim_local_usdz_cache.py -> wod2sim-0.1.0/tests
copying tests/test_check_alpasim_readiness.py -> wod2sim-0.1.0/tests
copying tests/test_import_alpasim_scene_cache_script.py -> wod2sim-0.1.0/tests
copying tests/test_maneuver_candidates.py -> wod2sim-0.1.0/tests
copying tests/test_promote_batch_summary.py -> wod2sim-0.1.0/tests
copying tests/test_release_bootstrap_smoke.py -> wod2sim-0.1.0/tests
copying tests/test_reproduce_closed_loop.py -> wod2sim-0.1.0/tests
copying tests/test_run_alpasim_scene_batch.py -> wod2sim-0.1.0/tests
copying tests/test_support_bundle_command.py -> wod2sim-0.1.0/tests
copying tests/test_synthetic_contract_demo.py -> wod2sim-0.1.0/tests
copying tests/test_wod2sim_doctor.py -> wod2sim-0.1.0/tests
copying src/wod2sim.egg-info/SOURCES.txt -> wod2sim-0.1.0/src/wod2sim.egg-info
Writing wod2sim-0.1.0/setup.cfg
Creating tar archive
removing 'wod2sim-0.1.0' (and everything under it)
* Building wheel from sdist
* Creating isolated environment: virtualenv+pip...
* Installing packages in isolated environment:
  - setuptools>=68
* Getting build dependencies for wheel...
running egg_info
writing src/wod2sim.egg-info/PKG-INFO
writing dependency_links to src/wod2sim.egg-info/dependency_links.txt
writing entry points to src/wod2sim.egg-info/entry_points.txt
writing requirements to src/wod2sim.egg-info/requires.txt
writing top-level names to src/wod2sim.egg-info/top_level.txt
reading manifest file 'src/wod2sim.egg-info/SOURCES.txt'
adding license file 'LICENSE'
adding license file 'LICENSES/Apache-2.0.txt'
adding license file 'LICENSES/THIRD_PARTY_NOTICES.md'
writing manifest file 'src/wod2sim.egg-info/SOURCES.txt'
* Building wheel...
running bdist_wheel
running build
running build_py
creating build/lib/wod2sim
copying src/wod2sim/__init__.py -> build/lib/wod2sim
creating build/lib/wod2sim/simulator
copying src/wod2sim/simulator/baseline_drivers.py -> build/lib/wod2sim/simulator
copying src/wod2sim/simulator/alpasim_signal.py -> build/lib/wod2sim/simulator
copying src/wod2sim/simulator/alpasim_direct_actor_planner.py -> build/lib/wod2sim/simulator
copying src/wod2sim/simulator/alpasim_token_bc.py -> build/lib/wod2sim/simulator
copying src/wod2sim/simulator/world_model.py -> build/lib/wod2sim/simulator
copying src/wod2sim/simulator/planner.py -> build/lib/wod2sim/simulator
copying src/wod2sim/simulator/maneuver_candidates.py -> build/lib/wod2sim/simulator
copying src/wod2sim/simulator/__init__.py -> build/lib/wod2sim/simulator
copying src/wod2sim/simulator/alpasim_contract.py -> build/lib/wod2sim/simulator
copying src/wod2sim/simulator/environment.py -> build/lib/wod2sim/simulator
copying src/wod2sim/simulator/trajectory_selector.py -> build/lib/wod2sim/simulator
copying src/wod2sim/simulator/perception.py -> build/lib/wod2sim/simulator
creating build/lib/wod2sim/cli
copying src/wod2sim/cli/wrapper.py -> build/lib/wod2sim/cli
copying src/wod2sim/cli/runtime_paths.py -> build/lib/wod2sim/cli
copying src/wod2sim/cli/__init__.py -> build/lib/wod2sim/cli
creating build/lib/wod2sim/alpasim_overrides
copying src/wod2sim/alpasim_overrides/__init__.py -> build/lib/wod2sim/alpasim_overrides
creating build/lib/wod2sim/audit
copying src/wod2sim/audit/schema.py -> build/lib/wod2sim/audit
copying src/wod2sim/audit/alpasim_export.py -> build/lib/wod2sim/audit
copying src/wod2sim/audit/internal_export.py -> build/lib/wod2sim/audit
copying src/wod2sim/audit/__init__.py -> build/lib/wod2sim/audit
copying src/wod2sim/audit/rerun_bridge.py -> build/lib/wod2sim/audit
copying src/wod2sim/audit/review.py -> build/lib/wod2sim/audit
creating build/lib/wod2sim/neutral
copying src/wod2sim/neutral/alpasim_metrics.py -> build/lib/wod2sim/neutral
copying src/wod2sim/neutral/__init__.py -> build/lib/wod2sim/neutral
creating build/lib/wod2sim/simulator/alpasim_configs
copying src/wod2sim/simulator/alpasim_configs/__init__.py -> build/lib/wod2sim/simulator/alpasim_configs
creating build/lib/wod2sim/cli/commands
copying src/wod2sim/cli/commands/benchmark_readiness.py -> build/lib/wod2sim/cli/commands
copying src/wod2sim/cli/commands/support_bundle.py -> build/lib/wod2sim/cli/commands
copying src/wod2sim/cli/commands/batch_summary.py -> build/lib/wod2sim/cli/commands
copying src/wod2sim/cli/commands/benchmark_summary.py -> build/lib/wod2sim/cli/commands
copying src/wod2sim/cli/commands/run_alpasim_scene_batch.py -> build/lib/wod2sim/cli/commands
copying src/wod2sim/cli/commands/__init__.py -> build/lib/wod2sim/cli/commands
copying src/wod2sim/cli/commands/build_alpasim_local_usdz_cache.py -> build/lib/wod2sim/cli/commands
copying src/wod2sim/cli/commands/run_alpasim_local_external.py -> build/lib/wod2sim/cli/commands
copying src/wod2sim/cli/commands/audit_run.py -> build/lib/wod2sim/cli/commands
copying src/wod2sim/cli/commands/promote_batch_summary.py -> build/lib/wod2sim/cli/commands
copying src/wod2sim/cli/commands/check_alpasim_readiness.py -> build/lib/wod2sim/cli/commands
copying src/wod2sim/cli/commands/build_alpasim_oracle_actor_proxy.py -> build/lib/wod2sim/cli/commands
copying src/wod2sim/cli/commands/reproduce_closed_loop.py -> build/lib/wod2sim/cli/commands
copying src/wod2sim/cli/commands/setup_alpasim_local_plugin.py -> build/lib/wod2sim/cli/commands
copying src/wod2sim/cli/commands/wod2sim_doctor.py -> build/lib/wod2sim/cli/commands
creating build/lib/wod2sim/alpasim_overrides/src/wizard/alpasim_wizard/deployment
copying src/wod2sim/alpasim_overrides/src/wizard/alpasim_wizard/deployment/docker_compose.py -> build/lib/wod2sim/alpasim_overrides/src/wizard/alpasim_wizard/deployment
creating build/lib/wod2sim/alpasim_overrides/src/driver/src/alpasim_driver/models
copying src/wod2sim/alpasim_overrides/src/driver/src/alpasim_driver/models/__init__.py -> build/lib/wod2sim/alpasim_overrides/src/driver/src/alpasim_driver/models
running egg_info
writing src/wod2sim.egg-info/PKG-INFO
writing dependency_links to src/wod2sim.egg-info/dependency_links.txt
writing entry points to src/wod2sim.egg-info/entry_points.txt
writing requirements to src/wod2sim.egg-info/requires.txt
writing top-level names to src/wod2sim.egg-info/top_level.txt
reading manifest file 'src/wod2sim.egg-info/SOURCES.txt'
adding license file 'LICENSE'
adding license file 'LICENSES/Apache-2.0.txt'
adding license file 'LICENSES/THIRD_PARTY_NOTICES.md'
writing manifest file 'src/wod2sim.egg-info/SOURCES.txt'
creating build/lib/wod2sim/simulator/alpasim_scene_presets
copying src/wod2sim/simulator/alpasim_scene_presets/front_camera_50scene_public2602.yaml -> build/lib/wod2sim/simulator/alpasim_scene_presets
copying src/wod2sim/simulator/alpasim_scene_presets/front_camera_10scene_smoke.yaml -> build/lib/wod2sim/simulator/alpasim_scene_presets
copying src/wod2sim/simulator/alpasim_scene_presets/front_camera_100scene_public2602.yaml -> build/lib/wod2sim/simulator/alpasim_scene_presets
copying src/wod2sim/simulator/alpasim_scene_presets/front_camera_collision18.yaml -> build/lib/wod2sim/simulator/alpasim_scene_presets
copying src/wod2sim/simulator/alpasim_scene_presets/front_camera_30scene_merged.yaml -> build/lib/wod2sim/simulator/alpasim_scene_presets
copying src/wod2sim/simulator/alpasim_scene_presets/fresh_3scene.yaml -> build/lib/wod2sim/simulator/alpasim_scene_presets
copying src/wod2sim/alpasim_overrides/Dockerfile.amd64 -> build/lib/wod2sim/alpasim_overrides
copying src/wod2sim/alpasim_overrides/local_checkout.patch -> build/lib/wod2sim/alpasim_overrides
copying src/wod2sim/alpasim_overrides/route_waypoints.patch -> build/lib/wod2sim/alpasim_overrides
creating build/lib/wod2sim/alpasim_overrides/src/wizard/configs/deploy
copying src/wod2sim/alpasim_overrides/src/wizard/configs/deploy/local_arm_external_driver.yaml -> build/lib/wod2sim/alpasim_overrides/src/wizard/configs/deploy
creating build/lib/wod2sim/simulator/alpasim_configs/driver
copying src/wod2sim/simulator/alpasim_configs/driver/constant_velocity.yaml -> build/lib/wod2sim/simulator/alpasim_configs/driver
copying src/wod2sim/simulator/alpasim_configs/driver/token_dagger_bc.yaml -> build/lib/wod2sim/simulator/alpasim_configs/driver
copying src/wod2sim/simulator/alpasim_configs/driver/direct_actor_planner.yaml -> build/lib/wod2sim/simulator/alpasim_configs/driver
copying src/wod2sim/simulator/alpasim_configs/driver/route_following.yaml -> build/lib/wod2sim/simulator/alpasim_configs/driver
installing to build/bdist.linux-x86_64/wheel
running install
running install_lib
creating build/bdist.linux-x86_64/wheel
creating build/bdist.linux-x86_64/wheel/wod2sim
creating build/bdist.linux-x86_64/wheel/wod2sim/simulator
copying build/lib/wod2sim/simulator/baseline_drivers.py -> build/bdist.linux-x86_64/wheel/./wod2sim/simulator
copying build/lib/wod2sim/simulator/alpasim_signal.py -> build/bdist.linux-x86_64/wheel/./wod2sim/simulator
copying build/lib/wod2sim/simulator/alpasim_direct_actor_planner.py -> build/bdist.linux-x86_64/wheel/./wod2sim/simulator
copying build/lib/wod2sim/simulator/alpasim_token_bc.py -> build/bdist.linux-x86_64/wheel/./wod2sim/simulator
creating build/bdist.linux-x86_64/wheel/wod2sim/simulator/alpasim_scene_presets
copying build/lib/wod2sim/simulator/alpasim_scene_presets/front_camera_50scene_public2602.yaml -> build/bdist.linux-x86_64/wheel/./wod2sim/simulator/alpasim_scene_presets
copying build/lib/wod2sim/simulator/alpasim_scene_presets/front_camera_10scene_smoke.yaml -> build/bdist.linux-x86_64/wheel/./wod2sim/simulator/alpasim_scene_presets
copying build/lib/wod2sim/simulator/alpasim_scene_presets/front_camera_100scene_public2602.yaml -> build/bdist.linux-x86_64/wheel/./wod2sim/simulator/alpasim_scene_presets
copying build/lib/wod2sim/simulator/alpasim_scene_presets/front_camera_collision18.yaml -> build/bdist.linux-x86_64/wheel/./wod2sim/simulator/alpasim_scene_presets
copying build/lib/wod2sim/simulator/alpasim_scene_presets/front_camera_30scene_merged.yaml -> build/bdist.linux-x86_64/wheel/./wod2sim/simulator/alpasim_scene_presets
copying build/lib/wod2sim/simulator/alpasim_scene_presets/fresh_3scene.yaml -> build/bdist.linux-x86_64/wheel/./wod2sim/simulator/alpasim_scene_presets
copying build/lib/wod2sim/simulator/world_model.py -> build/bdist.linux-x86_64/wheel/./wod2sim/simulator
copying build/lib/wod2sim/simulator/planner.py -> build/bdist.linux-x86_64/wheel/./wod2sim/simulator
copying build/lib/wod2sim/simulator/maneuver_candidates.py -> build/bdist.linux-x86_64/wheel/./wod2sim/simulator
copying build/lib/wod2sim/simulator/__init__.py -> build/bdist.linux-x86_64/wheel/./wod2sim/simulator
copying build/lib/wod2sim/simulator/alpasim_contract.py -> build/bdist.linux-x86_64/wheel/./wod2sim/simulator
copying build/lib/wod2sim/simulator/environment.py -> build/bdist.linux-x86_64/wheel/./wod2sim/simulator
copying build/lib/wod2sim/simulator/trajectory_selector.py -> build/bdist.linux-x86_64/wheel/./wod2sim/simulator
copying build/lib/wod2sim/simulator/perception.py -> build/bdist.linux-x86_64/wheel/./wod2sim/simulator
creating build/bdist.linux-x86_64/wheel/wod2sim/simulator/alpasim_configs
copying build/lib/wod2sim/simulator/alpasim_configs/__init__.py -> build/bdist.linux-x86_64/wheel/./wod2sim/simulator/alpasim_configs
creating build/bdist.linux-x86_64/wheel/wod2sim/simulator/alpasim_configs/driver
copying build/lib/wod2sim/simulator/alpasim_configs/driver/constant_velocity.yaml -> build/bdist.linux-x86_64/wheel/./wod2sim/simulator/alpasim_configs/driver
copying build/lib/wod2sim/simulator/alpasim_configs/driver/token_dagger_bc.yaml -> build/bdist.linux-x86_64/wheel/./wod2sim/simulator/alpasim_configs/driver
copying build/lib/wod2sim/simulator/alpasim_configs/driver/direct_actor_planner.yaml -> build/bdist.linux-x86_64/wheel/./wod2sim/simulator/alpasim_configs/driver
copying build/lib/wod2sim/simulator/alpasim_configs/driver/route_following.yaml -> build/bdist.linux-x86_64/wheel/./wod2sim/simulator/alpasim_configs/driver
creating build/bdist.linux-x86_64/wheel/wod2sim/cli
copying build/lib/wod2sim/cli/wrapper.py -> build/bdist.linux-x86_64/wheel/./wod2sim/cli
copying build/lib/wod2sim/cli/runtime_paths.py -> build/bdist.linux-x86_64/wheel/./wod2sim/cli
creating build/bdist.linux-x86_64/wheel/wod2sim/cli/commands
copying build/lib/wod2sim/cli/commands/benchmark_readiness.py -> build/bdist.linux-x86_64/wheel/./wod2sim/cli/commands
copying build/lib/wod2sim/cli/commands/support_bundle.py -> build/bdist.linux-x86_64/wheel/./wod2sim/cli/commands
copying build/lib/wod2sim/cli/commands/batch_summary.py -> build/bdist.linux-x86_64/wheel/./wod2sim/cli/commands
copying build/lib/wod2sim/cli/commands/benchmark_summary.py -> build/bdist.linux-x86_64/wheel/./wod2sim/cli/commands
copying build/lib/wod2sim/cli/commands/run_alpasim_scene_batch.py -> build/bdist.linux-x86_64/wheel/./wod2sim/cli/commands
copying build/lib/wod2sim/cli/commands/__init__.py -> build/bdist.linux-x86_64/wheel/./wod2sim/cli/commands
copying build/lib/wod2sim/cli/commands/build_alpasim_local_usdz_cache.py -> build/bdist.linux-x86_64/wheel/./wod2sim/cli/commands
copying build/lib/wod2sim/cli/commands/run_alpasim_local_external.py -> build/bdist.linux-x86_64/wheel/./wod2sim/cli/commands
copying build/lib/wod2sim/cli/commands/audit_run.py -> build/bdist.linux-x86_64/wheel/./wod2sim/cli/commands
copying build/lib/wod2sim/cli/commands/promote_batch_summary.py -> build/bdist.linux-x86_64/wheel/./wod2sim/cli/commands
copying build/lib/wod2sim/cli/commands/check_alpasim_readiness.py -> build/bdist.linux-x86_64/wheel/./wod2sim/cli/commands
copying build/lib/wod2sim/cli/commands/build_alpasim_oracle_actor_proxy.py -> build/bdist.linux-x86_64/wheel/./wod2sim/cli/commands
copying build/lib/wod2sim/cli/commands/reproduce_closed_loop.py -> build/bdist.linux-x86_64/wheel/./wod2sim/cli/commands
copying build/lib/wod2sim/cli/commands/setup_alpasim_local_plugin.py -> build/bdist.linux-x86_64/wheel/./wod2sim/cli/commands
copying build/lib/wod2sim/cli/commands/wod2sim_doctor.py -> build/bdist.linux-x86_64/wheel/./wod2sim/cli/commands
copying build/lib/wod2sim/cli/__init__.py -> build/bdist.linux-x86_64/wheel/./wod2sim/cli
creating build/bdist.linux-x86_64/wheel/wod2sim/alpasim_overrides
copying build/lib/wod2sim/alpasim_overrides/route_waypoints.patch -> build/bdist.linux-x86_64/wheel/./wod2sim/alpasim_overrides
copying build/lib/wod2sim/alpasim_overrides/__init__.py -> build/bdist.linux-x86_64/wheel/./wod2sim/alpasim_overrides
copying build/lib/wod2sim/alpasim_overrides/local_checkout.patch -> build/bdist.linux-x86_64/wheel/./wod2sim/alpasim_overrides
copying build/lib/wod2sim/alpasim_overrides/Dockerfile.amd64 -> build/bdist.linux-x86_64/wheel/./wod2sim/alpasim_overrides
creating build/bdist.linux-x86_64/wheel/wod2sim/alpasim_overrides/src
creating build/bdist.linux-x86_64/wheel/wod2sim/alpasim_overrides/src/wizard
creating build/bdist.linux-x86_64/wheel/wod2sim/alpasim_overrides/src/wizard/alpasim_wizard
creating build/bdist.linux-x86_64/wheel/wod2sim/alpasim_overrides/src/wizard/alpasim_wizard/deployment
copying build/lib/wod2sim/alpasim_overrides/src/wizard/alpasim_wizard/deployment/docker_compose.py -> build/bdist.linux-x86_64/wheel/./wod2sim/alpasim_overrides/src/wizard/alpasim_wizard/deployment
creating build/bdist.linux-x86_64/wheel/wod2sim/alpasim_overrides/src/wizard/configs
creating build/bdist.linux-x86_64/wheel/wod2sim/alpasim_overrides/src/wizard/configs/deploy
copying build/lib/wod2sim/alpasim_overrides/src/wizard/configs/deploy/local_arm_external_driver.yaml -> build/bdist.linux-x86_64/wheel/./wod2sim/alpasim_overrides/src/wizard/configs/deploy
creating build/bdist.linux-x86_64/wheel/wod2sim/alpasim_overrides/src/driver
creating build/bdist.linux-x86_64/wheel/wod2sim/alpasim_overrides/src/driver/src
creating build/bdist.linux-x86_64/wheel/wod2sim/alpasim_overrides/src/driver/src/alpasim_driver
creating build/bdist.linux-x86_64/wheel/wod2sim/alpasim_overrides/src/driver/src/alpasim_driver/models
copying build/lib/wod2sim/alpasim_overrides/src/driver/src/alpasim_driver/models/__init__.py -> build/bdist.linux-x86_64/wheel/./wod2sim/alpasim_overrides/src/driver/src/alpasim_driver/models
creating build/bdist.linux-x86_64/wheel/wod2sim/audit
copying build/lib/wod2sim/audit/schema.py -> build/bdist.linux-x86_64/wheel/./wod2sim/audit
copying build/lib/wod2sim/audit/alpasim_export.py -> build/bdist.linux-x86_64/wheel/./wod2sim/audit
copying build/lib/wod2sim/audit/internal_export.py -> build/bdist.linux-x86_64/wheel/./wod2sim/audit
copying build/lib/wod2sim/audit/__init__.py -> build/bdist.linux-x86_64/wheel/./wod2sim/audit
copying build/lib/wod2sim/audit/rerun_bridge.py -> build/bdist.linux-x86_64/wheel/./wod2sim/audit
copying build/lib/wod2sim/audit/review.py -> build/bdist.linux-x86_64/wheel/./wod2sim/audit
copying build/lib/wod2sim/__init__.py -> build/bdist.linux-x86_64/wheel/./wod2sim
creating build/bdist.linux-x86_64/wheel/wod2sim/neutral
copying build/lib/wod2sim/neutral/alpasim_metrics.py -> build/bdist.linux-x86_64/wheel/./wod2sim/neutral
copying build/lib/wod2sim/neutral/__init__.py -> build/bdist.linux-x86_64/wheel/./wod2sim/neutral
running install_egg_info
Copying src/wod2sim.egg-info to build/bdist.linux-x86_64/wheel/./wod2sim-0.1.0-py3.12.egg-info
running install_scripts
creating build/bdist.linux-x86_64/wheel/wod2sim-0.1.0.dist-info/WHEEL
creating '<repo>/artifacts/sii2027/logs/baseline/build-dist/.tmp-_km92b2h/wod2sim-0.1.0-py3-none-any.whl' and adding 'build/bdist.linux-x86_64/wheel' to it
adding 'wod2sim/__init__.py'
adding 'wod2sim/alpasim_overrides/Dockerfile.amd64'
adding 'wod2sim/alpasim_overrides/__init__.py'
adding 'wod2sim/alpasim_overrides/local_checkout.patch'
adding 'wod2sim/alpasim_overrides/route_waypoints.patch'
adding 'wod2sim/alpasim_overrides/src/driver/src/alpasim_driver/models/__init__.py'
adding 'wod2sim/alpasim_overrides/src/wizard/alpasim_wizard/deployment/docker_compose.py'
adding 'wod2sim/alpasim_overrides/src/wizard/configs/deploy/local_arm_external_driver.yaml'
adding 'wod2sim/audit/__init__.py'
adding 'wod2sim/audit/alpasim_export.py'
adding 'wod2sim/audit/internal_export.py'
adding 'wod2sim/audit/rerun_bridge.py'
adding 'wod2sim/audit/review.py'
adding 'wod2sim/audit/schema.py'
adding 'wod2sim/cli/__init__.py'
adding 'wod2sim/cli/runtime_paths.py'
adding 'wod2sim/cli/wrapper.py'
adding 'wod2sim/cli/commands/__init__.py'
adding 'wod2sim/cli/commands/audit_run.py'
adding 'wod2sim/cli/commands/batch_summary.py'
adding 'wod2sim/cli/commands/benchmark_readiness.py'
adding 'wod2sim/cli/commands/benchmark_summary.py'
adding 'wod2sim/cli/commands/build_alpasim_local_usdz_cache.py'
adding 'wod2sim/cli/commands/build_alpasim_oracle_actor_proxy.py'
adding 'wod2sim/cli/commands/check_alpasim_readiness.py'
adding 'wod2sim/cli/commands/promote_batch_summary.py'
adding 'wod2sim/cli/commands/reproduce_closed_loop.py'
adding 'wod2sim/cli/commands/run_alpasim_local_external.py'
adding 'wod2sim/cli/commands/run_alpasim_scene_batch.py'
adding 'wod2sim/cli/commands/setup_alpasim_local_plugin.py'
adding 'wod2sim/cli/commands/support_bundle.py'
adding 'wod2sim/cli/commands/wod2sim_doctor.py'
adding 'wod2sim/neutral/__init__.py'
adding 'wod2sim/neutral/alpasim_metrics.py'
adding 'wod2sim/simulator/__init__.py'
adding 'wod2sim/simulator/alpasim_contract.py'
adding 'wod2sim/simulator/alpasim_direct_actor_planner.py'
adding 'wod2sim/simulator/alpasim_signal.py'
adding 'wod2sim/simulator/alpasim_token_bc.py'
adding 'wod2sim/simulator/baseline_drivers.py'
adding 'wod2sim/simulator/environment.py'
adding 'wod2sim/simulator/maneuver_candidates.py'
adding 'wod2sim/simulator/perception.py'
adding 'wod2sim/simulator/planner.py'
adding 'wod2sim/simulator/trajectory_selector.py'
adding 'wod2sim/simulator/world_model.py'
adding 'wod2sim/simulator/alpasim_configs/__init__.py'
adding 'wod2sim/simulator/alpasim_configs/driver/constant_velocity.yaml'
adding 'wod2sim/simulator/alpasim_configs/driver/direct_actor_planner.yaml'
adding 'wod2sim/simulator/alpasim_configs/driver/route_following.yaml'
adding 'wod2sim/simulator/alpasim_configs/driver/token_dagger_bc.yaml'
adding 'wod2sim/simulator/alpasim_scene_presets/fresh_3scene.yaml'
adding 'wod2sim/simulator/alpasim_scene_presets/front_camera_100scene_public2602.yaml'
adding 'wod2sim/simulator/alpasim_scene_presets/front_camera_10scene_smoke.yaml'
adding 'wod2sim/simulator/alpasim_scene_presets/front_camera_30scene_merged.yaml'
adding 'wod2sim/simulator/alpasim_scene_presets/front_camera_50scene_public2602.yaml'
adding 'wod2sim/simulator/alpasim_scene_presets/front_camera_collision18.yaml'
adding 'wod2sim-0.1.0.dist-info/licenses/LICENSE'
adding 'wod2sim-0.1.0.dist-info/licenses/LICENSES/Apache-2.0.txt'
adding 'wod2sim-0.1.0.dist-info/licenses/LICENSES/THIRD_PARTY_NOTICES.md'
adding 'wod2sim-0.1.0.dist-info/METADATA'
adding 'wod2sim-0.1.0.dist-info/WHEEL'
adding 'wod2sim-0.1.0.dist-info/entry_points.txt'
adding 'wod2sim-0.1.0.dist-info/top_level.txt'
adding 'wod2sim-0.1.0.dist-info/RECORD'
removing build/bdist.linux-x86_64/wheel
Successfully built wod2sim-0.1.0.tar.gz and wod2sim-0.1.0-py3-none-any.whl

end_utc=2026-07-17T11:16:04Z
duration_seconds=3
exit_code=0
