pattern=pytest|conformance|make demo|readiness|check.only|print.mode
captured_at_utc=2026-07-17T11:15:28Z

./pyproject.toml:30:    "pytest>=7.4",
./pyproject.toml:31:    "pytest-cov>=5.0",
./pyproject.toml:52:wod2sim-ready = "wod2sim.cli.commands.check_alpasim_readiness:main"
./pyproject.toml:63:wod2sim-benchmark-readiness = "wod2sim.cli.commands.benchmark_readiness:main"
./pyproject.toml:85:[tool.pytest.ini_options]
./paper/paper.tex:42:entry points, setup/readiness/launch commands, conformance tests, a synthetic public demo,
./paper/paper.tex:43:and audit, support-bundle, and benchmark-readiness artifacts. WOD2Sim is not a new policy,
./paper/paper.tex:82:provides setup, readiness, launch, and contract-check commands. The artifact claim is
./paper/paper.tex:93:\item launch-state materialization and readiness checks for reproducing runs under local
./paper/paper.tex:229:of the external-driver contract: setup checks plugin discovery, readiness checks runtime
./paper/paper.tex:230:preconditions, and print mode emits the exact driver and wizard commands before rollout.
./paper/paper.tex:253:  \node[adapter,below=of signal] (launch) {setup, readiness,\\launch scripts};
./paper/paper.tex:310:and benchmark-readiness baselines auditable through the same route, sensor-freshness,
./paper/paper.tex:335:\texttt{maneuver\_candidates.py}, \texttt{alpasim\_token\_bc.py}, and the direct planner adapter. Setup, readiness, and
./paper/paper.tex:388:The readiness command checks the AlpaSim checkout shape, Docker access, platform
./paper/paper.tex:416:this tier as \texttt{make conformance}, which intentionally excludes torch, checkpoints,
./paper/paper.tex:421:The repository also includes \texttt{make demo}, an ungated synthetic contract demo that
./paper/paper.tex:468:check-only mode to verify that the AlpaSim checkout can see the local model entry points.
./paper/paper.tex:469:Second, run the readiness command to check Docker, GPU runtime, scene artifacts, and
./paper/paper.tex:470:platform assumptions. Third, launch in print mode to materialize the exact driver and
./paper/paper.tex:495:  \node[check,right=of registry] (ready) {readiness\\check};
./paper/paper.tex:509:\caption{Audit path. Setup, readiness, command materialization, and tests isolate
./paper/paper.tex:538:claim is contract readiness: a WOD-style policy can be exposed as an AlpaSim external
./paper/paper.tex:542:The release therefore includes \texttt{wod2sim-benchmark-readiness}, which fails until
./src/wod2sim/simulator/alpasim_configs/driver/route_following.yaml:3:# proxy, torch model, or private experiment artifact. It is a benchmark-readiness
./src/wod2sim/cli/commands/wod2sim_doctor.py:10:from wod2sim.cli.commands.check_alpasim_readiness import (
./src/wod2sim/cli/commands/wod2sim_doctor.py:42:    "wod2sim-benchmark-readiness",
./src/wod2sim/cli/commands/wod2sim_doctor.py:48:    "wod2sim-ready": "scripts/check_alpasim_readiness.py",
./src/wod2sim/cli/commands/wod2sim_doctor.py:59:    "wod2sim-benchmark-readiness": "scripts/benchmark_readiness.py",
./src/wod2sim/cli/commands/benchmark_readiness.py:11:READINESS_SCHEMA = "wod2sim_benchmark_readiness_v1"
./src/wod2sim/cli/commands/benchmark_readiness.py:40:            "This command does not run evaluation; it refuses readiness until the required "
./src/wod2sim/cli/commands/benchmark_readiness.py:96:        help="Optional JSON readiness report path.",
./src/wod2sim/cli/commands/benchmark_readiness.py:98:    parser.add_argument("--json", action="store_true", help="Print the readiness report as JSON.")
./src/wod2sim/cli/commands/benchmark_readiness.py:109:    report = build_readiness_report(
./src/wod2sim/cli/commands/benchmark_readiness.py:131:def build_readiness_report(
./src/wod2sim/cli/commands/benchmark_readiness.py:312:        return ["The supplied summaries satisfy the minimum public benchmark readiness gate."]
./src/wod2sim/cli/commands/benchmark_readiness.py:327:        advice.append("Only clean wod2sim-batch-summary outputs can support benchmark readiness.")
./src/wod2sim/cli/commands/benchmark_readiness.py:391:    print("WOD2Sim benchmark readiness")
./src/wod2sim/cli/commands/setup_alpasim_local_plugin.py:48:    "pytest",
./src/wod2sim/cli/commands/setup_alpasim_local_plugin.py:49:    "pytest-asyncio",
./src/wod2sim/cli/commands/setup_alpasim_local_plugin.py:113:        "--check-only",
./src/wod2sim/cli/commands/setup_alpasim_local_plugin.py:134:    if args.check_only:
./src/wod2sim/cli/commands/setup_alpasim_local_plugin.py:137:                "AlpaSim virtualenv python not found for --check-only mode: "
./src/wod2sim/cli/commands/setup_alpasim_local_plugin.py:138:                f"{venv_python}. Run wod2sim-setup without --check-only first."
./src/wod2sim/cli/commands/setup_alpasim_local_plugin.py:145:                "`wod2sim-setup --check-only` with an environment that already has WOD2Sim installed."
./README.md:148:wod2sim-benchmark-readiness \
./README.md:152:  --output summaries/benchmark-readiness.json \
./README.md:163:make conformance
./README.md:167:`make conformance` runs the dependency-light core contract tier without torch,
./README.md:174:make demo
./src/wod2sim/cli/commands/reproduce_closed_loop.py:38:        help="Actually run setup/readiness/launch/audit/bundle steps. Without this, only write a plan.",
./src/wod2sim/cli/commands/reproduce_closed_loop.py:131:                "wod2sim.cli.commands.check_alpasim_readiness",
./src/wod2sim/cli/commands/check_alpasim_readiness.py:86:    print("AlpaSim readiness: OK")
./docs/changelog.md:9:- Added setup, readiness, launch, batch, audit, and support-bundle CLI commands.
./docs/getting-started.md:26:wod2sim-setup --alpasim-root /path/to/alpasim --check-only
./docs/reproduction.md:3:`wod2sim-reproduce` records the full setup, readiness, launch, audit, and bundle
./docs/reproduction.md:25:make demo
./docs/reproduction.md:47:`wod2sim-benchmark-readiness` to refuse public benchmark readiness until the
./docs/reproduction.md:70:metrics, failure analysis, and a passing `wod2sim-benchmark-readiness` report.
./docs/evaluation.md:23:These checks are covered by the dependency-light [core conformance tier](conformance.md).
./docs/evaluation.md:24:Torch-dependent checkpoint tests are skipped from conformance and remain optional
./docs/evaluation.md:56:wod2sim-benchmark-readiness \
./docs/evaluation.md:60:  --output summaries/benchmark-readiness.json \
./docs/demo.md:3:`make demo` generates a public synthetic run directory:
./docs/demo.md:6:make demo
./docs/conformance.md:3:The core conformance tier is the dependency-light contract check for WOD2Sim.
./docs/conformance.md:8:make conformance
./docs/conformance.md:11:`make conformance` sets `WOD2SIM_CORE_CONFORMANCE=1` and runs the public test
./docs/conformance.md:35:torch is installed, but they are intentionally excluded from core conformance so
./docs/README.md:9:| [Conformance](conformance.md) | Dependency-light core contract checks. |
./scripts/release_bootstrap_smoke.py:16:    ".pytest_cache",
./scripts/release_bootstrap_smoke.py:205:        ("benchmark_readiness_help", [str(venv_bin / "wod2sim-benchmark-readiness"), "--help"]),
./docs/cli.md:9:| `wod2sim-ready` | Check platform, local AlpaSim `.venv`, Docker, GPU, image, and scene readiness. |
./docs/cli.md:24:| `wod2sim-benchmark-readiness` | Gate public benchmark claims against clean batch summaries. |
./docs/cli.md:30:`wod2sim-ready` is a launch-readiness check: by default it requires the local
./scripts/bootstrap_alpasim_runtime.sh:14:"$ROOT/.venv/bin/python" "$ROOT/scripts/check_alpasim_readiness.py" --skip-image
./scripts/bootstrap_alpasim_runtime.sh:16:"$ROOT/.venv/bin/python" "$ROOT/scripts/check_alpasim_readiness.py"
./scripts/check_alpasim_readiness.py:12:from wod2sim.cli.commands import check_alpasim_readiness as _cmd
./scripts/check_alpasim_readiness.py:50:    print("AlpaSim readiness: OK")
./scripts/benchmark_readiness.py:14:_target = export_command_namespace(globals(), "benchmark_readiness")
./scripts/run_synthetic_contract_demo.py:173:            "This generated run directory is a public format/conformance demo only. "
./Makefile:6:.PHONY: paper paper-verify lint conformance coverage test smoke build demo verify clean
./Makefile:20:	pytest tests/
./Makefile:25:conformance:
./Makefile:26:	WOD2SIM_CORE_CONFORMANCE=1 pytest -q $(CONFORMANCE_TESTS)
./Makefile:29:	pytest --cov
./Makefile:44:verify: lint conformance coverage smoke build paper-verify
./Makefile:47:	rm -rf .pytest_cache build dist src/*.egg-info $(DEMO_OUTPUT)
./third_party/alpasim_overrides/README.md:43:The corresponding audit / reproduction path lives in the repo-level setup, readiness,
./tests/test_check_alpasim_readiness.py:8:from wod2sim.cli.commands import check_alpasim_readiness
./tests/test_check_alpasim_readiness.py:12:    def test_readiness_script_calls_all_preflights(self) -> None:
./tests/test_check_alpasim_readiness.py:13:        with patch.object(check_alpasim_readiness, "_resolve_alpasim_root", return_value=Path("/tmp/alpasim")), patch.object(
./tests/test_check_alpasim_readiness.py:14:            check_alpasim_readiness, "_scene_ids", return_value=["scene-1", "scene-2"]
./tests/test_check_alpasim_readiness.py:16:            check_alpasim_readiness,
./tests/test_check_alpasim_readiness.py:19:        ), patch.object(check_alpasim_readiness, "_validate_alpasim_checkout") as validate, patch.object(
./tests/test_check_alpasim_readiness.py:20:            check_alpasim_readiness, "_preflight_alpasim_local_environment"
./tests/test_check_alpasim_readiness.py:22:            check_alpasim_readiness, "_preflight_docker_access"
./tests/test_check_alpasim_readiness.py:24:            check_alpasim_readiness, "_preflight_platform_compatibility"
./tests/test_check_alpasim_readiness.py:26:            check_alpasim_readiness, "_preflight_nvidia_container_runtime"
./tests/test_check_alpasim_readiness.py:28:            check_alpasim_readiness, "_preflight_alpasim_base_image"
./tests/test_check_alpasim_readiness.py:30:            check_alpasim_readiness, "_preflight_scene_artifacts"
./tests/test_check_alpasim_readiness.py:36:            ["check_alpasim_readiness.py"],
./tests/test_check_alpasim_readiness.py:38:            check_alpasim_readiness.main()
./tests/test_check_alpasim_readiness.py:51:        self.assertIn("AlpaSim readiness: OK", stdout.getvalue())
./tests/test_check_alpasim_readiness.py:54:    def test_readiness_script_can_skip_optional_checks(self) -> None:
./tests/test_check_alpasim_readiness.py:55:        with patch.object(check_alpasim_readiness, "_resolve_alpasim_root", return_value=Path("/tmp/alpasim")), patch.object(
./tests/test_check_alpasim_readiness.py:56:            check_alpasim_readiness, "_scene_ids", return_value=["scene-1"]
./tests/test_check_alpasim_readiness.py:58:            check_alpasim_readiness,
./tests/test_check_alpasim_readiness.py:61:        ), patch.object(check_alpasim_readiness, "_validate_alpasim_checkout"), patch.object(
./tests/test_check_alpasim_readiness.py:62:            check_alpasim_readiness, "_preflight_alpasim_local_environment"
./tests/test_check_alpasim_readiness.py:64:            check_alpasim_readiness, "_preflight_docker_access"
./tests/test_check_alpasim_readiness.py:66:            check_alpasim_readiness, "_preflight_platform_compatibility"
./tests/test_check_alpasim_readiness.py:68:            check_alpasim_readiness, "_preflight_nvidia_container_runtime"
./tests/test_check_alpasim_readiness.py:70:            check_alpasim_readiness, "_preflight_alpasim_base_image"
./tests/test_check_alpasim_readiness.py:72:            check_alpasim_readiness, "_preflight_scene_artifacts"
./tests/test_check_alpasim_readiness.py:78:            ["check_alpasim_readiness.py", "--skip-image", "--skip-local-env", "--skip-scene-artifacts"],
./tests/test_check_alpasim_readiness.py:80:            check_alpasim_readiness.main()
./tests/test_alpasim_integration.py:1803:        reason = "Core conformance tier excludes learned-policy checkpoint validation"
./tests/test_alpasim_setup_scripts.py:126:    def test_setup_check_only_does_not_bootstrap_or_install(self) -> None:
./tests/test_alpasim_setup_scripts.py:129:            check_only=True,
./tests/test_alpasim_setup_scripts.py:598:    def test_print_mode_skips_live_runtime_and_scene_artifact_preflights(self) -> None:
./tests/test_benchmark_readiness.py:14:        module = importlib.import_module("wod2sim.cli.commands.benchmark_readiness")
./tests/test_benchmark_readiness.py:20:            report = module.build_readiness_report(summary_paths=[summary_path], created_at="2026-07-17")
./tests/test_benchmark_readiness.py:33:        module = importlib.import_module("wod2sim.cli.commands.benchmark_readiness")
./tests/test_benchmark_readiness.py:57:            report = module.build_readiness_report(summary_paths=paths, created_at="2026-07-17")
./tests/test_benchmark_readiness.py:80:        module = importlib.import_module("wod2sim.cli.commands.benchmark_readiness")
./tests/test_benchmark_readiness.py:92:            report = module.build_readiness_report(
./tests/test_benchmark_readiness.py:102:        module = importlib.import_module("wod2sim.cli.commands.benchmark_readiness")
./tests/test_benchmark_readiness.py:111:            report = module.build_readiness_report(
./tests/test_benchmark_readiness.py:121:        module = importlib.import_module("wod2sim.cli.commands.benchmark_readiness")
./tests/test_benchmark_readiness.py:125:            output = root / "readiness.json"
./tests/test_benchmark_readiness.py:132:                    "wod2sim-benchmark-readiness",
./tests/test_benchmark_readiness.py:148:        module = importlib.import_module("wod2sim.cli.commands.benchmark_readiness")
./tests/test_benchmark_readiness.py:153:            report = module.build_readiness_report(

exit_code=0
