pattern=late message|unknown.session|close|session
captured_at_utc=2026-07-17T11:15:28Z

./src/wod2sim/neutral/alpasim_metrics.py:74:        "AlpaSim evidence is sensor-realistic closed-loop evidence, not an official policy benchmark score.",
./tests/test_batch_summary.py:25:        self.assertTrue(summary["clean_closed_loop_batch"])
./tests/test_batch_summary.py:28:        self.assertEqual("wod2sim_closed_loop_batch_summary_v1", summary["schema"])
./tests/test_batch_summary.py:67:        self.assertFalse(payload["clean_closed_loop_batch"])
./tests/test_batch_summary.py:87:        self.assertTrue(summary["clean_closed_loop_batch"])
./tests/test_batch_summary.py:102:        self.assertFalse(summary["clean_closed_loop_batch"])
./tests/test_batch_summary.py:120:        self.assertFalse(summary["clean_closed_loop_batch"])
./tests/test_batch_summary.py:169:        self.assertTrue(summary["clean_closed_loop_batch"])
./tests/test_batch_summary.py:207:        self.assertTrue(merged["clean_closed_loop_batch"])
./tests/test_batch_summary.py:253:        self.assertFalse(payload["clean_closed_loop_batch"])
./tests/test_maneuver_candidates.py:57:    def test_segment_clearance_uses_closest_approach_not_endpoint_distance(self) -> None:
./paper/paper.tex:40:optional model backends during discovery, hardens session lifecycle handling, and records
./paper/paper.tex:66:ongoing session and consume state as it arrives. In stock AlpaSim, route geometry had
./paper/paper.tex:72:package could require unselected Alpamayo or VAM backends, late session messages could
./paper/paper.tex:78:makes session handling idempotent under normal service ordering, and records launch state
./paper/paper.tex:91:\item simulator-runtime hardening for lazy model discovery, late session messages, and
./paper/paper.tex:92:idempotent close behavior that would otherwise corrupt batch evaluation;
./paper/paper.tex:105:messages as fatal unknown-session errors. Launch state was also distributed across
./paper/paper.tex:119:Session messages & unknown-session errors & late messages handled idempotently \\
./paper/paper.tex:212:session-scoped messages asynchronously. Duplicate closes and late image, egomotion, or
./paper/paper.tex:215:Treating those messages as fatal unknown-session errors makes closed-loop batch
./paper/paper.tex:217:therefore make session handling idempotent at the runtime boundary: late messages should
./paper/paper.tex:218:be recorded as controlled warnings and ignored when their session is no longer active.
./paper/paper.tex:219:Without this session behavior, repeated external-driver runs fail for service-lifecycle
./paper/paper.tex:273:The driver session now stores the most recent route and exposes it through
./paper/paper.tex:285:\paragraph{Asynchronous session hardening.}
./paper/paper.tex:286:The driver now handles unknown-session close, image, egomotion, and route messages as
./paper/paper.tex:330:The code split follows the contract split. Route propagation, model discovery, session
./paper/paper.tex:378:release does not claim a closed-loop rollout accuracy bound from resampling alone.
./paper/paper.tex:510:integration failures before closed-loop rollouts.}
./paper/paper.tex:516:WOD2Sim sits between existing closed-loop simulators, benchmark agent APIs, and
./paper/paper.tex:517:dataset-first policy interfaces. nuPlan defines a planner abstraction and closed-loop
./paper/paper.tex:522:than full closed-loop execution but does not expose the same persistent driver-service
./paper/paper.tex:536:WOD2Sim should be evaluated as a closed-loop evaluation interface, not as a new driving
./paper/paper.tex:541:benchmark claim requires executed scenes, baselines, and closed-loop failure analysis.
./paper/paper.tex:556:route reconstruction or lifecycle hardening & show what closed-loop execution and the
./paper/paper.tex:576:interfaces to AlpaSim closed-loop execution. It does not claim full Waymo scene
./paper/paper.tex:590:separate base driver abstractions from optional heavyweight backends; handle late session
./paper/paper.tex:592:very different policies share one closed-loop runtime. In this artifact, the learned
./paper/paper.tex:613:discovery from unselected built-in backends, treats late session messages idempotently,
./paper/paper.bib:12:  title={nu{P}lan: A closed-loop ml-based planning benchmark for autonomous vehicles},
./tests/test_benchmark_readiness.py:98:        self.assertIn("summary_1:not_clean_closed_loop_batch", report["failures"])
./tests/test_benchmark_readiness.py:184:        "schema": "wod2sim_closed_loop_batch_summary_v1",
./tests/test_benchmark_readiness.py:186:        "clean_closed_loop_batch": clean,
./pyproject.toml:8:description = "Standalone code and paper release for adapting WOD-style driving policies to AlpaSim closed-loop execution"
./pyproject.toml:59:wod2sim-reproduce = "wod2sim.cli.commands.reproduce_closed_loop:main"
./README.md:82:**Figure 2.** WOD2Sim sits inside the closed loop. It translates AlpaSim state
./README.md:156:The default gate requires 15 unique executed scenes, clean closed-loop summaries,
./src/wod2sim/alpasim_overrides/route_waypoints.patch:40:                     ego_pose_history=job.session.poses,
./src/wod2sim/alpasim_overrides/route_waypoints.patch:41:+                    route_waypoints=job.session.route_waypoints_for_prediction(),
./tests/test_reproduce_closed_loop.py:14:    def test_build_plan_uses_closed_loop_launch_and_evidence_steps(self) -> None:
./tests/test_reproduce_closed_loop.py:15:        module = importlib.import_module("wod2sim.cli.commands.reproduce_closed_loop")
./tests/test_reproduce_closed_loop.py:42:            ["setup", "ready", "launch_closed_loop", "audit_run", "support_bundle"],
./tests/test_reproduce_closed_loop.py:45:        launch = next(step for step in plan if step["name"] == "launch_closed_loop")
./tests/test_reproduce_closed_loop.py:56:        module = importlib.import_module("wod2sim.cli.commands.reproduce_closed_loop")
./tests/test_reproduce_closed_loop.py:75:            manifest_path = evidence_dir / "closed-loop-reproduction-manifest.json"
./scripts/release_bootstrap_smoke.py:263:            reproduce_dir / "evidence" / "closed-loop-reproduction-manifest.json"
./scripts/release_bootstrap_smoke.py:279:            and (reproduce_dir / "evidence" / "closed-loop-reproduction-manifest.json").is_file()
./tests/test_promote_batch_summary.py:18:            output = root / "docs" / "evidence" / "closed_loop_token_dagger_bc_2scene_batch.json"
./tests/test_promote_batch_summary.py:86:        "schema": "wod2sim_closed_loop_batch_summary_v1",
./tests/test_promote_batch_summary.py:88:        "clean_closed_loop_batch": True,
./src/wod2sim/alpasim_overrides/local_checkout.patch:61:         if request.session_uuid not in self._sessions:
./src/wod2sim/alpasim_overrides/local_checkout.patch:62:-            raise KeyError(f"Session {request.session_uuid} does not exist.")
./src/wod2sim/alpasim_overrides/local_checkout.patch:64:+                "close_session for unknown session %s; treating as idempotent",
./src/wod2sim/alpasim_overrides/local_checkout.patch:65:+                request.session_uuid,
./src/wod2sim/alpasim_overrides/local_checkout.patch:69:         logger.info(f"Closing session {request.session_uuid}")
./src/wod2sim/alpasim_overrides/local_checkout.patch:70:         del self._sessions[request.session_uuid]
./src/wod2sim/alpasim_overrides/local_checkout.patch:75:-        session = self._sessions[request.session_uuid]
./src/wod2sim/alpasim_overrides/local_checkout.patch:76:+        session = self._sessions.get(request.session_uuid)
./src/wod2sim/alpasim_overrides/local_checkout.patch:77:+        if session is None:
./src/wod2sim/alpasim_overrides/local_checkout.patch:79:+                "submit_image_observation for unknown session %s at %s; ignoring late frame",
./src/wod2sim/alpasim_overrides/local_checkout.patch:80:+                request.session_uuid,
./src/wod2sim/alpasim_overrides/local_checkout.patch:84:         if grpc_image.logical_id not in session.desired_cameras_logical_ids:
./src/wod2sim/alpasim_overrides/local_checkout.patch:91:-        session = self._sessions[request.session_uuid]
./src/wod2sim/alpasim_overrides/local_checkout.patch:92:+        session = self._sessions.get(request.session_uuid)
./src/wod2sim/alpasim_overrides/local_checkout.patch:93:+        if session is None:
./src/wod2sim/alpasim_overrides/local_checkout.patch:96:+                "submit_egomotion_observation for unknown session %s at %s; ignoring late egomotion",
./src/wod2sim/alpasim_overrides/local_checkout.patch:97:+                request.session_uuid,
./src/wod2sim/alpasim_overrides/local_checkout.patch:102:         session.add_egoposes(request.trajectory)
./src/wod2sim/alpasim_overrides/local_checkout.patch:108:+        session = self._sessions.get(request.session_uuid)
./src/wod2sim/alpasim_overrides/local_checkout.patch:109:+        if session is None:
./src/wod2sim/alpasim_overrides/local_checkout.patch:111:+                "submit_route for unknown session %s; ignoring late route update",
./src/wod2sim/alpasim_overrides/local_checkout.patch:112:+                request.session_uuid,
./src/wod2sim/alpasim_overrides/local_checkout.patch:116:-            self._sessions[request.session_uuid].update_command_from_route(
./src/wod2sim/alpasim_overrides/local_checkout.patch:117:+            session.update_command_from_route(
./src/wod2sim/alpasim_overrides/local_checkout.patch:124:-            self._sessions[request.session_uuid].update_command_from_route(
./src/wod2sim/alpasim_overrides/local_checkout.patch:125:+            session.update_command_from_route(
./scripts/reproduce_closed_loop.py:14:_target = export_command_namespace(globals(), "reproduce_closed_loop")
./scripts/run_synthetic_contract_demo.py:294:            "only and must not be reported as closed-loop policy performance."
./docs/reproduction.md:20:closed-loop execution occurred.
./docs/reproduction.md:56:| `closed-loop-reproduction-manifest.json` | Commands, model inputs, scenes, status, provenance, and claim boundary. |
./tests/test_alpasim_setup_scripts.py:845:                        "close_session for unknown session %s; treating as idempotent",
./tests/test_alpasim_setup_scripts.py:846:                        "submit_image_observation for unknown session %s at %s; ignoring late frame",
./tests/test_alpasim_setup_scripts.py:847:                        "submit_egomotion_observation for unknown session %s at %s; ignoring late egomotion",
./tests/test_alpasim_setup_scripts.py:848:                        "submit_route for unknown session %s; ignoring late route update",
./tests/test_alpasim_setup_scripts.py:869:                        "route_waypoints=job.session.route_waypoints_for_prediction(),",
./docs/evaluation.md:19:- Late session messages and repeated close events do not corrupt a batch.
./docs/evaluation.md:42:| Runtime | Valid-frame ratio, sensor freshness, action latency, late messages, and process failures. |
./docs/evaluation.md:64:The default gate requires at least 15 unique executed scenes, clean closed-loop
./docs/evaluation.md:74:include a public checkpoint, public scene subset, or claim-ready closed-loop
./tests/test_benchmark_summary.py:82:                    str(evidence / "closed-loop-reproduction-manifest.json"),
./tests/test_benchmark_summary.py:111:                    str(evidence / "closed-loop-reproduction-manifest.json"),
./tests/test_benchmark_summary.py:124:        evidence_dir / "closed-loop-reproduction-manifest.json",
./tests/test_benchmark_summary.py:126:            "schema": "wod2sim_closed_loop_reproduction_v1",
./tests/test_benchmark_summary.py:184:        evidence_dir / "closed-loop-reproduction-manifest.json",
./tests/test_benchmark_summary.py:186:            "schema": "wod2sim_closed_loop_reproduction_v1",
./src/wod2sim/cli/commands/benchmark_summary.py:11:MANIFEST_NAME = "closed-loop-reproduction-manifest.json"
./src/wod2sim/cli/commands/benchmark_summary.py:30:        help="Evidence directory containing closed-loop-reproduction-manifest.json.",
./src/wod2sim/cli/commands/benchmark_summary.py:44:        help="Exit nonzero unless every input is valid executed closed-loop claim evidence.",
./src/wod2sim/cli/commands/benchmark_summary.py:314:        return ["All included runs satisfy the closed-loop evidence rule."]
./src/wod2sim/cli/commands/benchmark_summary.py:321:            "Plan-only runs are not closed-loop evidence. Rerun with --execute: "
./src/wod2sim/cli/commands/benchmark_readiness.py:10:BATCH_SUMMARY_SCHEMA = "wod2sim_closed_loop_batch_summary_v1"
./src/wod2sim/cli/commands/benchmark_readiness.py:39:            "Gate public benchmark claims against executed WOD2Sim closed-loop batch summaries. "
./src/wod2sim/cli/commands/benchmark_readiness.py:161:            "closed-loop matrix gate. It does not redistribute gated scene assets, checkpoints, "
./src/wod2sim/cli/commands/benchmark_readiness.py:166:            "clean_closed_loop_batches_only": True,
./src/wod2sim/cli/commands/benchmark_readiness.py:267:        if not summary.get("clean_closed_loop_batch"):
./src/wod2sim/cli/commands/benchmark_readiness.py:268:            failures.append(f"summary_{index}:not_clean_closed_loop_batch")
./src/wod2sim/cli/commands/benchmark_readiness.py:315:        advice.append("Run closed-loop batches and pass their wod2sim-batch-summary JSON files.")
./src/wod2sim/cli/commands/benchmark_readiness.py:326:    if any("not_clean_closed_loop_batch" in failure for failure in failures):
./src/wod2sim/cli/commands/benchmark_readiness.py:340:        "clean_closed_loop_batch": summary.get("clean_closed_loop_batch"),
./src/wod2sim/cli/commands/benchmark_readiness.py:364:        and summary.get("clean_closed_loop_batch")
./tests/test_alpasim_integration.py:175:        np.testing.assert_allclose(output.trajectory_xy[:, 1], np.zeros(20), atol=1e-6)
./tests/test_alpasim_integration.py:227:        np.testing.assert_allclose(resampled, trajectory, atol=0.0)
./tests/test_alpasim_integration.py:242:        np.testing.assert_allclose(resampled, expected, atol=1e-6)
./tests/test_alpasim_integration.py:275:        np.testing.assert_allclose(prediction.trajectory_xy, logged, atol=1e-6)
./tests/test_alpasim_integration.py:276:        np.testing.assert_allclose(
./src/wod2sim/cli/commands/batch_summary.py:12:SUMMARY_SCHEMA = "wod2sim_closed_loop_batch_summary_v1"
./src/wod2sim/cli/commands/batch_summary.py:140:    if args.strict and not summary["clean_closed_loop_batch"]:
./src/wod2sim/cli/commands/batch_summary.py:172:    clean_closed_loop_batch = (
./src/wod2sim/cli/commands/batch_summary.py:189:        "clean_closed_loop_batch": clean_closed_loop_batch,
./src/wod2sim/cli/commands/batch_summary.py:191:            clean_closed_loop_batch=clean_closed_loop_batch,
./src/wod2sim/cli/commands/batch_summary.py:222:        "open_loop_closed_loop_mismatch": {
./src/wod2sim/cli/commands/batch_summary.py:224:            "status": "closed_loop_only_summary",
./src/wod2sim/cli/commands/batch_summary.py:225:            "closed_loop_failure_indicators": {
./src/wod2sim/cli/commands/batch_summary.py:237:                "currently reports closed-loop failures that open-loop evaluation should be "
./src/wod2sim/cli/commands/batch_summary.py:273:    clean_closed_loop_batch = (
./src/wod2sim/cli/commands/batch_summary.py:290:        "clean_closed_loop_batch": clean_closed_loop_batch,
./src/wod2sim/cli/commands/batch_summary.py:292:            clean_closed_loop_batch=clean_closed_loop_batch,
./src/wod2sim/cli/commands/batch_summary.py:317:        "open_loop_closed_loop_mismatch": {
./src/wod2sim/cli/commands/batch_summary.py:319:            "status": "closed_loop_only_summary",
./src/wod2sim/cli/commands/batch_summary.py:320:            "closed_loop_failure_indicators": {
./src/wod2sim/cli/commands/batch_summary.py:332:                "file currently reports closed-loop failures that open-loop evaluation should be "
./src/wod2sim/cli/commands/batch_summary.py:339:                1 for summary in inputs if bool(summary.get("clean_closed_loop_batch"))
./src/wod2sim/cli/commands/batch_summary.py:597:    clean_closed_loop_batch: bool,
./src/wod2sim/cli/commands/batch_summary.py:603:        "a merged public-safe summary built from shard-level WOD2Sim closed-loop batch summaries"
./src/wod2sim/cli/commands/batch_summary.py:605:        else "local closed-loop AlpaSim evidence generated from user-provided or gated scene assets"
./src/wod2sim/cli/commands/batch_summary.py:607:    if clean_closed_loop_batch:
./src/wod2sim/cli/commands/batch_summary.py:616:        "It records incomplete or failed closed-loop work and intentionally excludes raw scene "
./src/wod2sim/cli/commands/batch_summary.py:766:        if not summary.get("clean_closed_loop_batch"):
./src/wod2sim/cli/commands/batch_summary.py:864:    print("WOD2Sim closed-loop batch summary")
./src/wod2sim/cli/commands/batch_summary.py:866:    print(f"  clean closed-loop batch: {summary['clean_closed_loop_batch']}")
./src/wod2sim/cli/commands/promote_batch_summary.py:126:    if summary.get("clean_closed_loop_batch") is not True:
./src/wod2sim/cli/commands/promote_batch_summary.py:127:        errors.append("clean_closed_loop_batch_not_true")
./src/wod2sim/cli/commands/reproduce_closed_loop.py:21:MANIFEST_SCHEMA = "wod2sim_closed_loop_reproduction_v1"
./src/wod2sim/cli/commands/reproduce_closed_loop.py:32:            "Run or plan the WOD2Sim WOD-style-policy to AlpaSim closed-loop reproduction workflow."
./src/wod2sim/cli/commands/reproduce_closed_loop.py:87:    manifest_path = evidence_dir / "closed-loop-reproduction-manifest.json"
./src/wod2sim/cli/commands/reproduce_closed_loop.py:174:    steps.append({"name": "launch_closed_loop", "required_for_claim": True, "command": launch_command})
./src/wod2sim/cli/commands/reproduce_closed_loop.py:295:            "The workflow completed, but the audit did not validate the run as clean closed-loop evidence."
./src/wod2sim/cli/commands/reproduce_closed_loop.py:354:    return (args.runs_root.resolve() / f"closed_loop_{args.model}_{args.scene_preset}_{stamp}")
./src/wod2sim/cli/commands/reproduce_closed_loop.py:360:    return (run_dir / "closed-loop-evidence").resolve()
./src/wod2sim/cli/commands/reproduce_closed_loop.py:379:    print("WOD2Sim closed-loop reproduction")
./src/wod2sim/cli/commands/setup_alpasim_local_plugin.py:79:            "close_session for unknown session %s; treating as idempotent",
./src/wod2sim/cli/commands/setup_alpasim_local_plugin.py:80:            "submit_image_observation for unknown session %s at %s; ignoring late frame",
./src/wod2sim/cli/commands/setup_alpasim_local_plugin.py:81:            "submit_egomotion_observation for unknown session %s at %s; ignoring late egomotion",
./src/wod2sim/cli/commands/setup_alpasim_local_plugin.py:82:            "submit_route for unknown session %s; ignoring late route update",
./src/wod2sim/cli/commands/setup_alpasim_local_plugin.py:93:            "route_waypoints=job.session.route_waypoints_for_prediction(),",
./src/wod2sim/cli/commands/run_alpasim_local_external.py:366:        start_new_session=True,
./src/wod2sim/cli/commands/run_alpasim_local_external.py:377:        driver_stdout.close()
./src/wod2sim/cli/commands/run_alpasim_local_external.py:378:        driver_stderr.close()
./src/wod2sim/cli/commands/build_alpasim_oracle_actor_proxy.py:223:            scene_id = str(metadata.session_metadata.scene_id)
./third_party/alpasim_overrides/route_waypoints.patch:40:                     ego_pose_history=job.session.poses,
./third_party/alpasim_overrides/route_waypoints.patch:41:+                    route_waypoints=job.session.route_waypoints_for_prediction(),
./third_party/alpasim_overrides/local_checkout.patch:61:         if request.session_uuid not in self._sessions:
./third_party/alpasim_overrides/local_checkout.patch:62:-            raise KeyError(f"Session {request.session_uuid} does not exist.")
./third_party/alpasim_overrides/local_checkout.patch:64:+                "close_session for unknown session %s; treating as idempotent",
./third_party/alpasim_overrides/local_checkout.patch:65:+                request.session_uuid,
./third_party/alpasim_overrides/local_checkout.patch:69:         logger.info(f"Closing session {request.session_uuid}")
./third_party/alpasim_overrides/local_checkout.patch:70:         del self._sessions[request.session_uuid]
./third_party/alpasim_overrides/local_checkout.patch:75:-        session = self._sessions[request.session_uuid]
./third_party/alpasim_overrides/local_checkout.patch:76:+        session = self._sessions.get(request.session_uuid)
./third_party/alpasim_overrides/local_checkout.patch:77:+        if session is None:
./third_party/alpasim_overrides/local_checkout.patch:79:+                "submit_image_observation for unknown session %s at %s; ignoring late frame",
./third_party/alpasim_overrides/local_checkout.patch:80:+                request.session_uuid,
./third_party/alpasim_overrides/local_checkout.patch:84:         if grpc_image.logical_id not in session.desired_cameras_logical_ids:
./third_party/alpasim_overrides/local_checkout.patch:91:-        session = self._sessions[request.session_uuid]
./third_party/alpasim_overrides/local_checkout.patch:92:+        session = self._sessions.get(request.session_uuid)
./third_party/alpasim_overrides/local_checkout.patch:93:+        if session is None:
./third_party/alpasim_overrides/local_checkout.patch:96:+                "submit_egomotion_observation for unknown session %s at %s; ignoring late egomotion",
./third_party/alpasim_overrides/local_checkout.patch:97:+                request.session_uuid,
./third_party/alpasim_overrides/local_checkout.patch:102:         session.add_egoposes(request.trajectory)
./third_party/alpasim_overrides/local_checkout.patch:108:+        session = self._sessions.get(request.session_uuid)
./third_party/alpasim_overrides/local_checkout.patch:109:+        if session is None:
./third_party/alpasim_overrides/local_checkout.patch:111:+                "submit_route for unknown session %s; ignoring late route update",
./third_party/alpasim_overrides/local_checkout.patch:112:+                request.session_uuid,
./third_party/alpasim_overrides/local_checkout.patch:116:-            self._sessions[request.session_uuid].update_command_from_route(
./third_party/alpasim_overrides/local_checkout.patch:117:+            session.update_command_from_route(
./third_party/alpasim_overrides/local_checkout.patch:124:-            self._sessions[request.session_uuid].update_command_from_route(
./third_party/alpasim_overrides/local_checkout.patch:125:+            session.update_command_from_route(
./docs/design.md:5:AlpaSim drivers participate in a long-lived message session and must return
./docs/design.md:16:WOD2Sim closes four gaps:
./docs/design.md:23:| Lifecycle | Isolates plugin discovery and handles late/repeated session messages safely. |
./docs/design.md:49:a closed-loop accuracy bound from resampling alone.
./src/wod2sim/cli/commands/wod2sim_doctor.py:55:    "wod2sim-reproduce": "scripts/reproduce_closed_loop.py",
./src/wod2sim/simulator/baseline_drivers.py:163:    """Straight-line constant-velocity baseline for closed-loop sanity checks."""
./src/wod2sim/simulator/alpasim_token_bc.py:1842:    metadata = getattr(prediction_input, "session_metadata", None)
./src/wod2sim/simulator/environment.py:166:        and math.isclose(first.x, second.x, abs_tol=1e-9)
./src/wod2sim/simulator/environment.py:167:        and math.isclose(first.y, second.y, abs_tol=1e-9)
./src/wod2sim/simulator/environment.py:168:        and math.isclose(first.radius, second.radius, abs_tol=1e-9)
./src/wod2sim/simulator/environment.py:386:    if math.isclose(o1, 0.0, abs_tol=1e-9) and _on_segment(first_start, second_start, first_end):
./src/wod2sim/simulator/environment.py:388:    if math.isclose(o2, 0.0, abs_tol=1e-9) and _on_segment(first_start, second_end, first_end):
./src/wod2sim/simulator/environment.py:390:    if math.isclose(o3, 0.0, abs_tol=1e-9) and _on_segment(second_start, first_start, second_end):
./src/wod2sim/simulator/environment.py:392:    if math.isclose(o4, 0.0, abs_tol=1e-9) and _on_segment(second_start, first_end, second_end):
./docs/demo.md:31:geometry. They are not closed-loop policy metrics and should not be compared as
./docs/demo.md:42:Do not cite it as closed-loop performance evidence.

exit_code=0
