pattern=route_waypoints|route waypoints|command_proxy|command proxy
captured_at_utc=2026-07-17T11:15:27Z

./docs/design.md:20:| Route | Preserves route waypoints alongside the high-level command. |
./LICENSES/THIRD_PARTY_NOTICES.md:15:- portions of `local_checkout.patch` and `route_waypoints.patch` that quote
./docs/conformance.md:20:| Route geometry reaches policy code | Signal tests require `route_source=alpasim_waypoints` when route waypoints are present. |
./docs/evaluation.md:47:`route_source=command_proxy` are adapter triage evidence, not policy benchmark
./docs/demo.md:27:| `route_command_information_loss.same_x_lateral_rmse_m` | Lateral RMSE between preserved route waypoints and a straight command-proxy route at the same x-samples. |
./src/wod2sim/alpasim_overrides/route_waypoints.patch:27:+    def route_waypoints_for_prediction(self) -> list[Vec3] | None:
./src/wod2sim/alpasim_overrides/route_waypoints.patch:28:+        """Return the latest route waypoints in the current rig frame."""
./src/wod2sim/alpasim_overrides/route_waypoints.patch:41:+                    route_waypoints=job.session.route_waypoints_for_prediction(),
./src/wod2sim/alpasim_overrides/route_waypoints.patch:53:+    route_waypoints: list[Any] | None = None  # list[Vec3] in current rig frame
./scripts/run_synthetic_contract_demo.py:221:                    "route_waypoints": ROUTE_WAYPOINTS,
./scripts/run_synthetic_contract_demo.py:331:                "command_proxy_y_m": round(COMMAND_PROXY_CENTER_Y_M, 3),
./scripts/run_synthetic_contract_demo.py:333:                "command_proxy_lateral_error_m": round(command_error, 3),
./scripts/run_synthetic_contract_demo.py:348:            "collapsed_route_source": "command_proxy",
./scripts/run_synthetic_contract_demo.py:351:                "command proxy loses lateral route information at the policy boundary."
./scripts/run_synthetic_contract_demo.py:367:def _sample_route_y(route_waypoints: list[dict[str, float]], x: float) -> float:
./scripts/run_synthetic_contract_demo.py:368:    points = [(float(item["x"]), float(item["y"])) for item in route_waypoints]
./src/wod2sim/cli/commands/setup_alpasim_local_plugin.py:89:    "route_waypoints.patch": {
./src/wod2sim/cli/commands/setup_alpasim_local_plugin.py:92:            "def route_waypoints_for_prediction(self) -> list[Vec3] | None:",
./src/wod2sim/cli/commands/setup_alpasim_local_plugin.py:93:            "route_waypoints=job.session.route_waypoints_for_prediction(),",
./src/wod2sim/cli/commands/setup_alpasim_local_plugin.py:96:            "route_waypoints: list[Any] | None = None",
./third_party/alpasim_overrides/route_waypoints.patch:27:+    def route_waypoints_for_prediction(self) -> list[Vec3] | None:
./third_party/alpasim_overrides/route_waypoints.patch:28:+        """Return the latest route waypoints in the current rig frame."""
./third_party/alpasim_overrides/route_waypoints.patch:41:+                    route_waypoints=job.session.route_waypoints_for_prediction(),
./third_party/alpasim_overrides/route_waypoints.patch:53:+    route_waypoints: list[Any] | None = None  # list[Vec3] in current rig frame
./paper/paper.tex:38:for that boundary. It preserves route waypoints at prediction time, reconstructs
./paper/paper.tex:69:against a local route polyline. Even after route waypoints were exposed, another mismatch
./paper/paper.tex:116:Route input & route used mainly for command & route waypoints preserved for prediction \\
./paper/paper.tex:143:contract: route waypoints must remain available at prediction time.
./paper/paper.tex:145:the route waypoints are preserved as first-class model input rather than reconstructed
./paper/paper.tex:151:therefore treats route waypoints as the policy route and derives route-centered lane
./paper/paper.tex:184:\caption{The key AlpaSim driver-contract patch preserves route waypoints for prediction
./paper/paper.tex:440:Signal tests construct prediction inputs with route waypoints and check
./src/wod2sim/cli/commands/audit_run.py:221:            route_waypoints = signal.get("route_waypoints")
./src/wod2sim/cli/commands/audit_run.py:222:            count = len(route_waypoints) if isinstance(route_waypoints, list) else None
./src/wod2sim/cli/commands/audit_run.py:224:            return "alpasim_waypoints" if count >= 2 else "command_proxy"
./src/wod2sim/cli/commands/audit_run.py:238:        return "alpasim_waypoints" if count >= 2 else "command_proxy"
./src/wod2sim/cli/commands/audit_run.py:251:        route_waypoints = signal.get("route_waypoints")
./src/wod2sim/cli/commands/audit_run.py:252:        if isinstance(route_waypoints, list):
./src/wod2sim/cli/commands/audit_run.py:253:            return len(route_waypoints)
./tests/test_batch_summary.py:127:            {"alpasim_waypoints": 199, "command_proxy": 199},
./tests/test_batch_summary.py:321:                "route_source_counts": {"alpasim_waypoints" if route_contract_ok else "command_proxy": 199}
./tests/test_support_bundle_command.py:60:                            "route_waypoints": [{"x": 0.0, "y": 0.0}, {"x": 20.0, "y": 0.0}],
./tests/test_support_bundle_command.py:103:                            "route_waypoints": [{"x": 0.0, "y": 0.0}, {"x": 20.0, "y": 0.0}]
./tests/test_alpasim_integration.py:63:    route_waypoints: list[dict[str, float]],
./tests/test_alpasim_integration.py:72:        route_waypoints=route_waypoints,
./tests/test_alpasim_integration.py:165:                route_waypoints=[
./tests/test_alpasim_integration.py:197:            route_waypoints=[
./tests/test_alpasim_integration.py:318:            route_waypoints=[
./tests/test_alpasim_integration.py:339:                    "route_waypoints": [
./tests/test_alpasim_integration.py:382:                    "route_waypoints": [
./tests/test_alpasim_integration.py:426:    def test_alpasim_signal_uses_route_waypoints_as_lane_center(self) -> None:
./tests/test_alpasim_integration.py:432:            route_waypoints=[
./tests/test_alpasim_integration.py:1046:                route_waypoints=[
./tests/test_alpasim_integration.py:1105:                route_waypoints=[
./tests/test_alpasim_integration.py:1530:            route_waypoints=[
./tests/test_alpasim_integration.py:1542:            route_waypoints=[
./tests/test_alpasim_integration.py:1563:            route_waypoints=[
./tests/test_alpasim_integration.py:1590:                route_waypoints=[
./tests/test_alpasim_integration.py:1616:            route_waypoints=[
./tests/test_alpasim_integration.py:1628:            route_waypoints=[
./tests/test_benchmark_readiness.py:79:    def test_gate_rejects_unclean_or_command_proxy_summaries(self) -> None:
./tests/test_benchmark_readiness.py:89:                route_source_counts={"alpasim_waypoints": 140, "command_proxy": 10},
./tests/test_benchmark_readiness.py:99:        self.assertIn("summary_1:route_source_not_claim_valid:command_proxy", report["failures"])
./tests/test_audit_run_command.py:56:                                    "route_waypoints": [{"x": 0.0, "y": 0.0}, {"x": 20.0, "y": 0.0}]
./tests/test_audit_run_command.py:72:                                    "route_waypoints": [{"x": 0.0, "y": 0.0}, {"x": 20.0, "y": 0.0}]
./tests/test_audit_run_command.py:122:                            "route_waypoints": [{"x": 0.0, "y": 0.0}, {"x": 20.0, "y": 0.0}],
./tests/test_audit_run_command.py:141:    def test_build_report_rejects_command_proxy_route_fallback(self) -> None:
./tests/test_audit_run_command.py:157:                        "alpasim_signal": {"structured_hazards": [], "route_waypoints": []},
./tests/test_audit_run_command.py:171:        self.assertEqual({"command_proxy": 1}, report["route_source_counts"])
./tests/test_audit_run_command.py:192:                            "route_waypoints": [{"x": 0.0, "y": 0.0}, {"x": 20.0, "y": 0.0}]
./tests/test_benchmark_summary.py:91:    def test_strict_main_rejects_command_proxy_route_evidence(self) -> None:
./tests/test_benchmark_summary.py:102:            audit["route_source_counts"] = {"command_proxy": 1, "alpasim_waypoints": 41}
./third_party/alpasim_overrides/README.md:27:- `route_waypoints.patch` — tracked patch for route-waypoint adapter behavior
./README.md:95:Claim-valid audits require executed rollouts with route waypoints reaching every
./src/wod2sim/simulator/alpasim_configs/driver/route_following.yaml:2:# This template follows supplied AlpaSim route waypoints with no checkpoint,
./src/wod2sim/simulator/alpasim_direct_actor_planner.py:719:        "route_waypoint_count": len(signal.get("route_waypoints", []) or []),
./src/wod2sim/simulator/alpasim_signal.py:14:    route_waypoints = route_waypoints_from_signal(signal)
./src/wod2sim/simulator/alpasim_signal.py:15:    real_route = len(route_waypoints) >= 2
./src/wod2sim/simulator/alpasim_signal.py:17:        lane_center = _lane_center_from_route_waypoints(route_waypoints)
./src/wod2sim/simulator/alpasim_signal.py:37:        route_source = "command_proxy"
./src/wod2sim/simulator/alpasim_signal.py:54:            "route_waypoint_count": str(len(route_waypoints)),
./src/wod2sim/simulator/alpasim_signal.py:66:    route_waypoints = route_waypoints_from_input(prediction_input)
./src/wod2sim/simulator/alpasim_signal.py:67:    route_source = "alpasim_waypoints" if len(route_waypoints) >= 2 else "command_proxy"
./src/wod2sim/simulator/alpasim_signal.py:72:        "route_waypoints": route_waypoints,
./src/wod2sim/simulator/alpasim_signal.py:73:        "route_waypoint_count": len(route_waypoints),
./src/wod2sim/simulator/alpasim_signal.py:82:def route_waypoints_from_input(prediction_input: Any) -> list[dict[str, float]]:
./src/wod2sim/simulator/alpasim_signal.py:85:        ("route_waypoints", "route_path", "navigation_waypoints", "route"),
./src/wod2sim/simulator/alpasim_signal.py:92:        raw = raw.get("waypoints", raw.get("route_waypoints", []))
./src/wod2sim/simulator/alpasim_signal.py:106:def route_waypoints_from_signal(signal: dict[str, Any]) -> list[dict[str, float]]:
./src/wod2sim/simulator/alpasim_signal.py:107:    raw = signal.get("route_waypoints", [])
./src/wod2sim/simulator/alpasim_signal.py:137:def _lane_center_from_route_waypoints(route_waypoints: list[dict[str, float]]) -> list[tuple[float, float]]:
./src/wod2sim/simulator/alpasim_signal.py:139:    for waypoint in route_waypoints:
./tests/test_alpasim_setup_scripts.py:868:                        "def route_waypoints_for_prediction(self) -> list[Vec3] | None:",
./tests/test_alpasim_setup_scripts.py:869:                        "route_waypoints=job.session.route_waypoints_for_prediction(),",
./tests/test_alpasim_setup_scripts.py:872:                "src/driver/src/alpasim_driver/models/base.py": "route_waypoints: list[Any] | None = None\n",
./tests/test_alpasim_setup_scripts.py:879:            patch_file = ROOT / "src" / "wod2sim" / "alpasim_overrides" / "route_waypoints.patch"
./src/wod2sim/simulator/baseline_drivers.py:22:from .alpasim_signal import extract_alpasim_signal, route_waypoints_from_input
./src/wod2sim/simulator/baseline_drivers.py:177:    """Follow supplied route waypoints without learned policy logits."""
./src/wod2sim/simulator/baseline_drivers.py:202:    for waypoint in route_waypoints_from_input(prediction_input):
./src/wod2sim/simulator/alpasim_token_bc.py:632:        route_source = str(getattr(scenario, "tags", {}).get("route_source", "command_proxy"))
./src/wod2sim/simulator/alpasim_token_bc.py:1714:        "route_source": str(signal.get("route_source", "command_proxy")),

exit_code=0
