pattern=resampl|trajectory.*frequency|runtime.*grid|horizon
captured_at_utc=2026-07-17T11:15:28Z

./paper/paper.tex:35:intent or geometry, and short-horizon ego trajectories, while AlpaSim external drivers are
./paper/paper.tex:39:policy-facing scene signals, resamples trajectories to simulator cadence, isolates
./paper/paper.tex:53:observe camera and ego context, condition on route intent, and predict a short-horizon
./paper/paper.tex:60:logged observations, route intent or route geometry, and short-horizon ego-relative
./paper/paper.tex:90:including route geometry, trajectory resampling, and policy-facing scene signal;
./paper/paper.tex:120:Trajectory output & simulator frequency contract & WOD-style 5 s horizon resampled to runtime \\
./paper/paper.tex:311:trajectory-resampling, launch, and JSONL evidence paths as learned policies.
./paper/paper.tex:362:ego-relative trajectory samples over a fixed five-second horizon, while AlpaSim expects
./paper/paper.tex:363:trajectory points and headings on the simulator runtime grid. WOD2Sim interprets policy
./paper/paper.tex:364:points as endpoint samples at \((i/N)H\), where \(H\) is the horizon and \(N\) is the
./paper/paper.tex:378:release does not claim a closed-loop rollout accuracy bound from resampling alone.
./paper/paper.tex:449:The direct planner adapter, resampling identity checks, endpoint-interpolation checks,
./paper/paper.tex:594:signal, resampling path, and launch system.
./docs/design.md:4:policies consume an assembled observation and return a fixed-horizon trajectory;
./docs/design.md:9:observations, route intent or route geometry, and short-horizon ego-relative
./docs/design.md:33:resampling, launch tooling, and evidence pipeline.
./docs/design.md:38:five-second horizon. If the policy point count already matches
./docs/design.md:39:`round(output_frequency_hz * horizon_seconds)`, WOD2Sim returns the trajectory
./docs/design.md:42:runtime endpoint grid. Headings are recomputed from adjacent runtime points using
./docs/design.md:49:a closed-loop accuracy bound from resampling alone.
./docs/assets/readme/alpasim-rollout-diagnostic.svg:71:      <text x="28" y="150" fill="#607579">trajectory horizon</text>
./docs/assets/readme/alpasim-rollout-diagnostic.svg:74:      <text x="28" y="208" fill="#607579">resampling</text>
./docs/evaluation.md:16:  endpoint interpolation when resampled, and recompute runtime headings.
./README.md:20:Here, **WOD-style** means a short-horizon trajectory-policy interface inspired
./README.md:74:    D --> G[WOD2Sim output contract<br/>resampling + headings]
./src/wod2sim/simulator/world_model.py:119:    visibility_horizon_m = 20.0
./src/wod2sim/simulator/world_model.py:126:        "left_clearance": visibility_horizon_m if math.isinf(left_clearance) else left_clearance,
./src/wod2sim/simulator/world_model.py:127:        "right_clearance": visibility_horizon_m if math.isinf(right_clearance) else right_clearance,
./tests/test_alpasim_integration.py:31:    resample_trajectory,
./tests/test_alpasim_integration.py:143:        self.assertNotIn("horizon_seconds:", constant_config)
./tests/test_alpasim_integration.py:147:        self.assertNotIn("horizon_seconds:", route_config)
./tests/test_alpasim_integration.py:212:    def test_resample_trajectory_preserves_native_runtime_samples(self) -> None:
./tests/test_alpasim_integration.py:221:        resampled = resample_trajectory(
./tests/test_alpasim_integration.py:224:            horizon_seconds=5.0,
./tests/test_alpasim_integration.py:227:        np.testing.assert_allclose(resampled, trajectory, atol=0.0)
./tests/test_alpasim_integration.py:228:        self.assertEqual(np.float32, resampled.dtype)
./tests/test_alpasim_integration.py:230:    def test_resample_trajectory_uses_origin_anchored_endpoint_interpolation(self) -> None:
./tests/test_alpasim_integration.py:236:        resampled = resample_trajectory(
./tests/test_alpasim_integration.py:239:            horizon_seconds=5.0,
./tests/test_alpasim_integration.py:242:        np.testing.assert_allclose(resampled, expected, atol=1e-6)
./tests/test_alpasim_integration.py:248:            horizon_seconds = 5.0
./tests/test_alpasim_integration.py:254:                trajectory_xy = resample_trajectory(
./tests/test_alpasim_integration.py:257:                    horizon_seconds=self.horizon_seconds,
./tests/test_alpasim_integration.py:1076:        self.assertIn(trace["veto_reason"], {"none", "horizon_clearance", "unsafe_action", "actor_route_guard"})
./src/wod2sim/simulator/alpasim_contract.py:164:def resample_trajectory(
./src/wod2sim/simulator/alpasim_contract.py:167:    horizon_seconds: float,
./src/wod2sim/simulator/alpasim_contract.py:169:    expected_points = max(1, int(round(output_frequency_hz * horizon_seconds)))
./src/wod2sim/simulator/alpasim_contract.py:173:    source_t = np.linspace(0.0, horizon_seconds, trajectory_xy.shape[0] + 1)
./src/wod2sim/simulator/alpasim_contract.py:176:        horizon_seconds / expected_points,
./src/wod2sim/simulator/alpasim_contract.py:177:        horizon_seconds,
./src/wod2sim/simulator/alpasim_direct_actor_planner.py:21:    resample_trajectory,
./src/wod2sim/simulator/alpasim_direct_actor_planner.py:45:    horizon_seconds: float = 5.0
./src/wod2sim/simulator/alpasim_direct_actor_planner.py:114:            horizon_seconds=_env_float(
./src/wod2sim/simulator/alpasim_direct_actor_planner.py:117:                "horizon_seconds",
./src/wod2sim/simulator/alpasim_direct_actor_planner.py:118:                defaults.horizon_seconds,
./src/wod2sim/simulator/alpasim_direct_actor_planner.py:275:        trajectory_xy = resample_trajectory(
./src/wod2sim/simulator/alpasim_direct_actor_planner.py:278:            horizon_seconds=self._config.horizon_seconds,
./src/wod2sim/simulator/alpasim_direct_actor_planner.py:454:    horizon = max(0.5, float(config.horizon_seconds))
./src/wod2sim/simulator/alpasim_direct_actor_planner.py:458:        final_x = max(2.0, speed_mps * horizon * speed_scale)
./src/wod2sim/simulator/alpasim_direct_actor_planner.py:486:    horizon_ticks = config.horizon_seconds / SIM_TICK_DT_S
./src/wod2sim/simulator/alpasim_direct_actor_planner.py:489:        start_tick = (index / point_count) * horizon_ticks
./src/wod2sim/simulator/alpasim_direct_actor_planner.py:490:        end_tick = ((index + 1) / point_count) * horizon_ticks
./src/wod2sim/simulator/alpasim_direct_actor_planner.py:517:    candidate_mean_speed_mps = progress / max(0.1, float(config.horizon_seconds))
./src/wod2sim/simulator/maneuver_candidates.py:76:    horizon_clearance_target_m: float = 0.75
./src/wod2sim/simulator/maneuver_candidates.py:77:    horizon_clearance_penalty_weight: float = 12.0
./src/wod2sim/simulator/maneuver_candidates.py:87:    horizon_seconds: float = 5.0
./src/wod2sim/simulator/maneuver_candidates.py:122:    horizon_clearance_m: float
./src/wod2sim/simulator/maneuver_candidates.py:125:    horizon_clearance_penalty: float
./src/wod2sim/simulator/maneuver_candidates.py:140:            "horizon_clearance_m": _round_float(self.horizon_clearance_m),
./src/wod2sim/simulator/maneuver_candidates.py:143:            "horizon_clearance_penalty": _round_float(self.horizon_clearance_penalty),
./src/wod2sim/simulator/maneuver_candidates.py:361:    horizon_penalty = 0.0
./src/wod2sim/simulator/maneuver_candidates.py:370:        f"horizon_clearance={full_clearance:.2f}m",
./src/wod2sim/simulator/maneuver_candidates.py:381:            horizon_clearance_m=full_clearance,
./src/wod2sim/simulator/maneuver_candidates.py:384:            horizon_clearance_penalty=horizon_penalty,
./src/wod2sim/simulator/maneuver_candidates.py:402:            horizon_clearance_m=full_clearance,
./src/wod2sim/simulator/maneuver_candidates.py:405:            horizon_clearance_penalty=horizon_penalty,
./src/wod2sim/simulator/maneuver_candidates.py:434:    horizon_penalty = max(0.0, scoring.horizon_clearance_target_m - full_clearance) * scoring.horizon_clearance_penalty_weight
./src/wod2sim/simulator/maneuver_candidates.py:438:    if horizon_penalty > 0.0:
./src/wod2sim/simulator/maneuver_candidates.py:439:        reasons.append(f"horizon_clearance_penalty={horizon_penalty:.2f}")
./src/wod2sim/simulator/maneuver_candidates.py:440:    effective_score = score.combined_score + progress_bonus - near_penalty - horizon_penalty
./src/wod2sim/simulator/maneuver_candidates.py:446:        horizon_clearance_m=full_clearance,
./src/wod2sim/simulator/maneuver_candidates.py:449:        horizon_clearance_penalty=horizon_penalty,
./src/wod2sim/simulator/maneuver_candidates.py:519:    segment_start_seconds = (point_index / config.trajectory.point_count) * config.trajectory.horizon_seconds
./src/wod2sim/simulator/maneuver_candidates.py:520:    segment_end_seconds = ((point_index + 1) / config.trajectory.point_count) * config.trajectory.horizon_seconds
./src/wod2sim/simulator/maneuver_candidates.py:545:    point_seconds = ((point_index + 1) / config.trajectory.point_count) * config.trajectory.horizon_seconds
./src/wod2sim/simulator/maneuver_candidates.py:591:        seconds = t * config.horizon_seconds
./src/wod2sim/simulator/baseline_drivers.py:20:    resample_trajectory,
./src/wod2sim/simulator/baseline_drivers.py:27:    horizon_seconds: float = 5.0
./src/wod2sim/simulator/baseline_drivers.py:45:            horizon_seconds=_cfg_float(model_cfg, "horizon_seconds", 5.0),
./src/wod2sim/simulator/baseline_drivers.py:146:    def _horizon_seconds(self) -> float:
./src/wod2sim/simulator/baseline_drivers.py:147:        return max(0.1, float(self._config.horizon_seconds))
./src/wod2sim/simulator/baseline_drivers.py:170:            horizon_seconds=self._horizon_seconds(),
./src/wod2sim/simulator/baseline_drivers.py:173:        return resample_trajectory(trajectory, self._output_frequency_hz, self._horizon_seconds())
./src/wod2sim/simulator/baseline_drivers.py:187:                horizon_seconds=self._horizon_seconds(),
./src/wod2sim/simulator/baseline_drivers.py:194:                horizon_seconds=self._horizon_seconds(),
./src/wod2sim/simulator/baseline_drivers.py:197:        return resample_trajectory(trajectory, self._output_frequency_hz, self._horizon_seconds())
./src/wod2sim/simulator/baseline_drivers.py:216:    horizon_seconds: float,
./src/wod2sim/simulator/baseline_drivers.py:226:            horizon_seconds=horizon_seconds,
./src/wod2sim/simulator/baseline_drivers.py:234:        horizon_seconds / point_count,
./src/wod2sim/simulator/baseline_drivers.py:235:        horizon_seconds,
./src/wod2sim/simulator/baseline_drivers.py:273:    horizon_seconds: float,
./src/wod2sim/simulator/baseline_drivers.py:276:    times = np.linspace(horizon_seconds / point_count, horizon_seconds, point_count, dtype=np.float32)
./src/wod2sim/simulator/alpasim_token_bc.py:27:    resample_trajectory,
./src/wod2sim/simulator/alpasim_token_bc.py:340:        trajectory_xy = resample_trajectory(
./src/wod2sim/simulator/alpasim_token_bc.py:343:            horizon_seconds=self._HORIZON_SECONDS,
./src/wod2sim/simulator/alpasim_token_bc.py:636:        candidate_mean_speed = candidate_forward_progress / max(1e-6, float(config.trajectory.horizon_seconds))
./src/wod2sim/simulator/alpasim_token_bc.py:658:            "actor_horizon_clearance_m": _trajectory_actor_clearance(
./src/wod2sim/simulator/alpasim_token_bc.py:669:            "static_horizon_clearance_m": _trajectory_static_clearance(
./src/wod2sim/simulator/alpasim_token_bc.py:697:            "actor_horizon_clearance_min_m": float(config.scoring.horizon_clearance_target_m),
./src/wod2sim/simulator/alpasim_token_bc.py:720:        horizon_seconds = float(config.trajectory.horizon_seconds)
./src/wod2sim/simulator/alpasim_token_bc.py:722:            segment_start_tick = current_tick + (point_index / point_count) * horizon_seconds / SIM_TICK_DT_S
./src/wod2sim/simulator/alpasim_token_bc.py:723:            segment_end_tick = current_tick + ((point_index + 1) / point_count) * horizon_seconds / SIM_TICK_DT_S
./src/wod2sim/simulator/alpasim_token_bc.py:1347:                item.explanation.horizon_clearance_m,
./src/wod2sim/simulator/alpasim_token_bc.py:1466:    if explanation.horizon_clearance_penalty > 0.0:
./src/wod2sim/simulator/alpasim_token_bc.py:1467:        return "horizon_clearance"
./src/wod2sim/simulator/alpasim_token_bc.py:1563:    if _axis_signal_float(signal, "actor_horizon_clearance_m") < _axis_signal_float(
./src/wod2sim/simulator/alpasim_token_bc.py:1565:        "actor_horizon_clearance_min_m",
./src/wod2sim/simulator/alpasim_token_bc.py:1567:        return "actor_horizon_clearance"
./src/wod2sim/simulator/alpasim_token_bc.py:1619:    actor_horizon = _axis_signal_float(signal, "actor_horizon_clearance_m")
./src/wod2sim/simulator/alpasim_token_bc.py:1621:    static_horizon = _axis_signal_float(signal, "static_horizon_clearance_m")
./src/wod2sim/simulator/alpasim_token_bc.py:1637:        _capped_clearance(actor_horizon),
./src/wod2sim/simulator/alpasim_token_bc.py:1638:        _capped_clearance(static_horizon),
./src/wod2sim/simulator/alpasim_token_bc.py:1650:        1.0 if explanation.horizon_clearance_penalty <= 0.0 else 0.0,
./src/wod2sim/simulator/alpasim_token_bc.py:1653:        float(explanation.horizon_clearance_m),
./src/wod2sim/simulator/alpasim_token_bc.py:1665:    actor_horizon = _axis_signal_float(signal, "actor_horizon_clearance_m")
./src/wod2sim/simulator/alpasim_token_bc.py:1667:    static_horizon = _axis_signal_float(signal, "static_horizon_clearance_m")
./src/wod2sim/simulator/alpasim_token_bc.py:1676:        1.0 if actor_horizon >= _axis_signal_float(signal, "actor_horizon_clearance_min_m") else 0.0,
./src/wod2sim/simulator/alpasim_token_bc.py:1688:        _capped_clearance(actor_horizon),
./src/wod2sim/simulator/alpasim_token_bc.py:1690:        _capped_clearance(static_horizon),

exit_code=0
